# Logfile created on 2023-02-06 15:45:16 +0000 by logger.rb/v1.4.2
[2023-02-06T15:45:16+00:00] INFO: Started Cinc Zero at chefzero://localhost:1 with repository at /opt/gitlab/embedded (One version per cookbook)
[2023-02-06T15:45:16+00:00] INFO: *** Cinc Client 17.10.0 ***
[2023-02-06T15:45:16+00:00] INFO: Platform: aarch64-linux
[2023-02-06T15:45:16+00:00] INFO: Cinc-client pid: 28
[2023-02-06T15:45:17+00:00] INFO: Setting the run_list to ["recipe[gitlab]"] from CLI options
[2023-02-06T15:45:17+00:00] INFO: Run List is [recipe[gitlab]]
[2023-02-06T15:45:17+00:00] INFO: Run List expands to [gitlab]
[2023-02-06T15:45:17+00:00] INFO: Starting Cinc Client Run for gitlab.example.com
[2023-02-06T15:45:17+00:00] INFO: Running start handlers
[2023-02-06T15:45:17+00:00] INFO: Start handlers complete.
[2023-02-06T15:45:17+00:00] INFO: Loading cookbooks [gitlab@0.0.1, package@0.1.0, logrotate@0.1.0, postgresql@0.1.0, redis@0.1.0, monitoring@0.1.0, registry@0.1.0, mattermost@0.1.0, consul@0.1.0, gitaly@0.1.0, praefect@0.1.0, gitlab-kas@0.1.0, gitlab-pages@0.1.0, letsencrypt@0.1.0, nginx@0.1.0, runit@5.1.7, acme@4.1.5, crond@0.1.0]
[2023-02-06T15:45:19+00:00] INFO: Skipped selecting an init system because it was explicitly disabled
[2023-02-06T15:45:19+00:00] INFO: /opt/gitlab/init/postgresql status does not exist.
[2023-02-06T15:45:20+00:00] INFO: template[/var/opt/gitlab/gitlab-rails/etc/gitlab_workhorse_secret] backed up to /opt/gitlab/embedded/cookbooks/cache/backup/var/opt/gitlab/gitlab-rails/etc/gitlab_workhorse_secret.chef-20230206154520.591396
[2023-02-06T15:45:20+00:00] INFO: template[/var/opt/gitlab/gitlab-rails/etc/gitlab_workhorse_secret] updated file contents /var/opt/gitlab/gitlab-rails/etc/gitlab_workhorse_secret
[2023-02-06T15:45:20+00:00] INFO: link[Link /opt/gitlab/embedded/service/gitlab-rails/.gitlab_workhorse_secret to /var/opt/gitlab/gitlab-rails/etc/gitlab_workhorse_secret] created
[2023-02-06T15:45:20+00:00] INFO: template[/var/opt/gitlab/gitlab-rails/etc/gitlab_shell_secret] backed up to /opt/gitlab/embedded/cookbooks/cache/backup/var/opt/gitlab/gitlab-rails/etc/gitlab_shell_secret.chef-20230206154520.609727
[2023-02-06T15:45:20+00:00] INFO: template[/var/opt/gitlab/gitlab-rails/etc/gitlab_shell_secret] updated file contents /var/opt/gitlab/gitlab-rails/etc/gitlab_shell_secret
[2023-02-06T15:45:20+00:00] INFO: link[Link /opt/gitlab/embedded/service/gitlab-rails/.gitlab_shell_secret to /var/opt/gitlab/gitlab-rails/etc/gitlab_shell_secret] created
[2023-02-06T15:45:20+00:00] WARN: only_if block for templatesymlink[Create a gitlab_pages_secret and create a symlink to Rails root] returned a string, did you mean to run a command?
[2023-02-06T15:45:20+00:00] INFO: template[/var/opt/gitlab/gitlab-rails/etc/gitlab_pages_secret] backed up to /opt/gitlab/embedded/cookbooks/cache/backup/var/opt/gitlab/gitlab-rails/etc/gitlab_pages_secret.chef-20230206154520.629626
[2023-02-06T15:45:20+00:00] INFO: template[/var/opt/gitlab/gitlab-rails/etc/gitlab_pages_secret] updated file contents /var/opt/gitlab/gitlab-rails/etc/gitlab_pages_secret
[2023-02-06T15:45:20+00:00] INFO: link[Link /opt/gitlab/embedded/service/gitlab-rails/.gitlab_pages_secret to /var/opt/gitlab/gitlab-rails/etc/gitlab_pages_secret] created
[2023-02-06T15:45:20+00:00] WARN: only_if block for templatesymlink[Create a gitlab_kas_secret and create a symlink to Rails root] returned a string, did you mean to run a command?
[2023-02-06T15:45:20+00:00] INFO: template[/var/opt/gitlab/gitlab-rails/etc/gitlab_kas_secret] backed up to /opt/gitlab/embedded/cookbooks/cache/backup/var/opt/gitlab/gitlab-rails/etc/gitlab_kas_secret.chef-20230206154520.646361
[2023-02-06T15:45:20+00:00] INFO: template[/var/opt/gitlab/gitlab-rails/etc/gitlab_kas_secret] updated file contents /var/opt/gitlab/gitlab-rails/etc/gitlab_kas_secret
[2023-02-06T15:45:20+00:00] INFO: link[Link /opt/gitlab/embedded/service/gitlab-rails/.gitlab_kas_secret to /var/opt/gitlab/gitlab-rails/etc/gitlab_kas_secret] created
[2023-02-06T15:45:20+00:00] INFO: directory[/opt/gitlab/etc/gitlab-rails/env] created directory /opt/gitlab/etc/gitlab-rails/env
[2023-02-06T15:45:20+00:00] INFO: file[/opt/gitlab/etc/gitlab-rails/env/HOME] created file /opt/gitlab/etc/gitlab-rails/env/HOME
[2023-02-06T15:45:20+00:00] INFO: file[/opt/gitlab/etc/gitlab-rails/env/HOME] updated file contents /opt/gitlab/etc/gitlab-rails/env/HOME
[2023-02-06T15:45:20+00:00] INFO: file[/opt/gitlab/etc/gitlab-rails/env/RAILS_ENV] created file /opt/gitlab/etc/gitlab-rails/env/RAILS_ENV
[2023-02-06T15:45:20+00:00] INFO: file[/opt/gitlab/etc/gitlab-rails/env/RAILS_ENV] updated file contents /opt/gitlab/etc/gitlab-rails/env/RAILS_ENV
[2023-02-06T15:45:20+00:00] INFO: file[/opt/gitlab/etc/gitlab-rails/env/BUNDLE_GEMFILE] created file /opt/gitlab/etc/gitlab-rails/env/BUNDLE_GEMFILE
[2023-02-06T15:45:20+00:00] INFO: file[/opt/gitlab/etc/gitlab-rails/env/BUNDLE_GEMFILE] updated file contents /opt/gitlab/etc/gitlab-rails/env/BUNDLE_GEMFILE
[2023-02-06T15:45:20+00:00] INFO: file[/opt/gitlab/etc/gitlab-rails/env/PUMA_WORKER_MAX_MEMORY] created file /opt/gitlab/etc/gitlab-rails/env/PUMA_WORKER_MAX_MEMORY
[2023-02-06T15:45:20+00:00] INFO: file[/opt/gitlab/etc/gitlab-rails/env/PUMA_WORKER_MAX_MEMORY] updated file contents /opt/gitlab/etc/gitlab-rails/env/PUMA_WORKER_MAX_MEMORY
[2023-02-06T15:45:20+00:00] INFO: file[/opt/gitlab/etc/gitlab-rails/env/SIDEKIQ_MEMORY_KILLER_MAX_RSS] created file /opt/gitlab/etc/gitlab-rails/env/SIDEKIQ_MEMORY_KILLER_MAX_RSS
[2023-02-06T15:45:20+00:00] INFO: file[/opt/gitlab/etc/gitlab-rails/env/SIDEKIQ_MEMORY_KILLER_MAX_RSS] updated file contents /opt/gitlab/etc/gitlab-rails/env/SIDEKIQ_MEMORY_KILLER_MAX_RSS
[2023-02-06T15:45:20+00:00] INFO: file[/opt/gitlab/etc/gitlab-rails/env/PATH] created file /opt/gitlab/etc/gitlab-rails/env/PATH
[2023-02-06T15:45:20+00:00] INFO: file[/opt/gitlab/etc/gitlab-rails/env/PATH] updated file contents /opt/gitlab/etc/gitlab-rails/env/PATH
[2023-02-06T15:45:20+00:00] INFO: file[/opt/gitlab/etc/gitlab-rails/env/ICU_DATA] created file /opt/gitlab/etc/gitlab-rails/env/ICU_DATA
[2023-02-06T15:45:20+00:00] INFO: file[/opt/gitlab/etc/gitlab-rails/env/ICU_DATA] updated file contents /opt/gitlab/etc/gitlab-rails/env/ICU_DATA
[2023-02-06T15:45:20+00:00] INFO: file[/opt/gitlab/etc/gitlab-rails/env/PYTHONPATH] created file /opt/gitlab/etc/gitlab-rails/env/PYTHONPATH
[2023-02-06T15:45:20+00:00] INFO: file[/opt/gitlab/etc/gitlab-rails/env/PYTHONPATH] updated file contents /opt/gitlab/etc/gitlab-rails/env/PYTHONPATH
[2023-02-06T15:45:20+00:00] INFO: file[/opt/gitlab/etc/gitlab-rails/env/EXECJS_RUNTIME] created file /opt/gitlab/etc/gitlab-rails/env/EXECJS_RUNTIME
[2023-02-06T15:45:20+00:00] INFO: file[/opt/gitlab/etc/gitlab-rails/env/EXECJS_RUNTIME] updated file contents /opt/gitlab/etc/gitlab-rails/env/EXECJS_RUNTIME
[2023-02-06T15:45:20+00:00] INFO: file[/opt/gitlab/etc/gitlab-rails/env/TZ] created file /opt/gitlab/etc/gitlab-rails/env/TZ
[2023-02-06T15:45:20+00:00] INFO: file[/opt/gitlab/etc/gitlab-rails/env/TZ] updated file contents /opt/gitlab/etc/gitlab-rails/env/TZ
[2023-02-06T15:45:20+00:00] INFO: file[/opt/gitlab/etc/gitlab-rails/env/SSL_CERT_DIR] created file /opt/gitlab/etc/gitlab-rails/env/SSL_CERT_DIR
[2023-02-06T15:45:20+00:00] INFO: file[/opt/gitlab/etc/gitlab-rails/env/SSL_CERT_DIR] updated file contents /opt/gitlab/etc/gitlab-rails/env/SSL_CERT_DIR
[2023-02-06T15:45:20+00:00] INFO: file[/opt/gitlab/etc/gitlab-rails/env/SSL_CERT_FILE] created file /opt/gitlab/etc/gitlab-rails/env/SSL_CERT_FILE
[2023-02-06T15:45:20+00:00] INFO: file[/opt/gitlab/etc/gitlab-rails/env/SSL_CERT_FILE] updated file contents /opt/gitlab/etc/gitlab-rails/env/SSL_CERT_FILE
[2023-02-06T15:45:20+00:00] INFO: link[/opt/gitlab/embedded/service/gitlab-rails/tmp] created
[2023-02-06T15:45:20+00:00] INFO: link[/opt/gitlab/embedded/service/gitlab-rails/public/uploads] created
[2023-02-06T15:45:20+00:00] INFO: link[/opt/gitlab/embedded/service/gitlab-rails/log] created
[2023-02-06T15:45:20+00:00] INFO: file[/opt/gitlab/embedded/service/gitlab-rails/db/structure.sql] owner changed to 998
[2023-02-06T15:45:20+00:00] INFO: file[/var/opt/gitlab/gitlab-rails/RUBY_VERSION] backed up to /opt/gitlab/embedded/cookbooks/cache/backup/var/opt/gitlab/gitlab-rails/RUBY_VERSION.chef-20230206154520.825643
[2023-02-06T15:45:20+00:00] INFO: file[/var/opt/gitlab/gitlab-rails/RUBY_VERSION] updated file contents /var/opt/gitlab/gitlab-rails/RUBY_VERSION
[2023-02-06T15:45:20+00:00] INFO: directory[/etc/gitlab/trusted-certs] created directory /etc/gitlab/trusted-certs
[2023-02-06T15:45:20+00:00] INFO: directory[/etc/gitlab/trusted-certs] mode changed to 755
[2023-02-06T15:45:20+00:00] INFO: file[/opt/gitlab/embedded/ssl/certs/README] created file /opt/gitlab/embedded/ssl/certs/README
[2023-02-06T15:45:20+00:00] INFO: file[/opt/gitlab/embedded/ssl/certs/README] updated file contents /opt/gitlab/embedded/ssl/certs/README
[2023-02-06T15:45:20+00:00] INFO: file[/opt/gitlab/embedded/ssl/certs/README] mode changed to 644
[2023-02-06T15:45:20+00:00] INFO: ruby_block[Move existing certs and link to /opt/gitlab/embedded/ssl/certs] called
[2023-02-06T15:45:21+00:00] INFO: directory[/opt/gitlab/sv/logrotate] created directory /opt/gitlab/sv/logrotate
[2023-02-06T15:45:21+00:00] INFO: directory[/opt/gitlab/sv/logrotate] owner changed to 0
[2023-02-06T15:45:21+00:00] INFO: directory[/opt/gitlab/sv/logrotate] group changed to 0
[2023-02-06T15:45:21+00:00] INFO: directory[/opt/gitlab/sv/logrotate] mode changed to 755
[2023-02-06T15:45:21+00:00] INFO: template[/opt/gitlab/sv/logrotate/run] created file /opt/gitlab/sv/logrotate/run
[2023-02-06T15:45:21+00:00] INFO: template[/opt/gitlab/sv/logrotate/run] updated file contents /opt/gitlab/sv/logrotate/run
[2023-02-06T15:45:21+00:00] INFO: template[/opt/gitlab/sv/logrotate/run] owner changed to 0
[2023-02-06T15:45:21+00:00] INFO: template[/opt/gitlab/sv/logrotate/run] group changed to 0
[2023-02-06T15:45:21+00:00] INFO: template[/opt/gitlab/sv/logrotate/run] mode changed to 755
[2023-02-06T15:45:21+00:00] INFO: directory[/opt/gitlab/sv/logrotate/log] created directory /opt/gitlab/sv/logrotate/log
[2023-02-06T15:45:21+00:00] INFO: directory[/opt/gitlab/sv/logrotate/log] owner changed to 0
[2023-02-06T15:45:21+00:00] INFO: directory[/opt/gitlab/sv/logrotate/log] group changed to 0
[2023-02-06T15:45:21+00:00] INFO: directory[/opt/gitlab/sv/logrotate/log] mode changed to 755
[2023-02-06T15:45:21+00:00] INFO: directory[/opt/gitlab/sv/logrotate/log/main] created directory /opt/gitlab/sv/logrotate/log/main
[2023-02-06T15:45:21+00:00] INFO: directory[/opt/gitlab/sv/logrotate/log/main] owner changed to 0
[2023-02-06T15:45:21+00:00] INFO: directory[/opt/gitlab/sv/logrotate/log/main] group changed to 0
[2023-02-06T15:45:21+00:00] INFO: directory[/opt/gitlab/sv/logrotate/log/main] mode changed to 755
[2023-02-06T15:45:21+00:00] INFO: template[/opt/gitlab/sv/logrotate/log/config] created file /opt/gitlab/sv/logrotate/log/config
[2023-02-06T15:45:21+00:00] INFO: template[/opt/gitlab/sv/logrotate/log/config] updated file contents /opt/gitlab/sv/logrotate/log/config
[2023-02-06T15:45:21+00:00] INFO: template[/opt/gitlab/sv/logrotate/log/config] owner changed to 0
[2023-02-06T15:45:21+00:00] INFO: template[/opt/gitlab/sv/logrotate/log/config] group changed to 0
[2023-02-06T15:45:21+00:00] INFO: template[/opt/gitlab/sv/logrotate/log/config] mode changed to 644
[2023-02-06T15:45:21+00:00] INFO: template[/opt/gitlab/sv/logrotate/log/config] sending create action to ruby_block[verify_chown_persisted_on_logrotate] (immediate)
[2023-02-06T15:45:21+00:00] INFO: ruby_block[verify_chown_persisted_on_logrotate] called
[2023-02-06T15:45:21+00:00] INFO: template[/opt/gitlab/sv/logrotate/log/run] created file /opt/gitlab/sv/logrotate/log/run
[2023-02-06T15:45:21+00:00] INFO: template[/opt/gitlab/sv/logrotate/log/run] updated file contents /opt/gitlab/sv/logrotate/log/run
[2023-02-06T15:45:21+00:00] INFO: template[/opt/gitlab/sv/logrotate/log/run] owner changed to 0
[2023-02-06T15:45:21+00:00] INFO: template[/opt/gitlab/sv/logrotate/log/run] group changed to 0
[2023-02-06T15:45:21+00:00] INFO: template[/opt/gitlab/sv/logrotate/log/run] mode changed to 755
[2023-02-06T15:45:21+00:00] INFO: directory[/opt/gitlab/sv/logrotate/env] created directory /opt/gitlab/sv/logrotate/env
[2023-02-06T15:45:21+00:00] INFO: directory[/opt/gitlab/sv/logrotate/env] owner changed to 0
[2023-02-06T15:45:21+00:00] INFO: directory[/opt/gitlab/sv/logrotate/env] group changed to 0
[2023-02-06T15:45:21+00:00] INFO: directory[/opt/gitlab/sv/logrotate/env] mode changed to 755
[2023-02-06T15:45:21+00:00] INFO: directory[/opt/gitlab/sv/logrotate/control] created directory /opt/gitlab/sv/logrotate/control
[2023-02-06T15:45:21+00:00] INFO: directory[/opt/gitlab/sv/logrotate/control] owner changed to 0
[2023-02-06T15:45:21+00:00] INFO: directory[/opt/gitlab/sv/logrotate/control] group changed to 0
[2023-02-06T15:45:21+00:00] INFO: directory[/opt/gitlab/sv/logrotate/control] mode changed to 755
[2023-02-06T15:45:21+00:00] INFO: template[/opt/gitlab/sv/logrotate/control/t] created file /opt/gitlab/sv/logrotate/control/t
[2023-02-06T15:45:21+00:00] INFO: template[/opt/gitlab/sv/logrotate/control/t] updated file contents /opt/gitlab/sv/logrotate/control/t
[2023-02-06T15:45:21+00:00] INFO: template[/opt/gitlab/sv/logrotate/control/t] owner changed to 0
[2023-02-06T15:45:21+00:00] INFO: template[/opt/gitlab/sv/logrotate/control/t] group changed to 0
[2023-02-06T15:45:21+00:00] INFO: template[/opt/gitlab/sv/logrotate/control/t] mode changed to 755
[2023-02-06T15:45:21+00:00] INFO: link[/opt/gitlab/init/logrotate] created
[2023-02-06T15:45:21+00:00] INFO: template[/opt/gitlab/sv/logrotate/run] sending run action to ruby_block[restart_service] (delayed)
[2023-02-06T15:45:21+00:00] INFO: template[/opt/gitlab/sv/logrotate/log/config] sending create action to ruby_block[reload_log_service] (delayed)
[2023-02-06T15:45:21+00:00] INFO: link[/opt/gitlab/service/logrotate] created
[2023-02-06T15:45:23+00:00] INFO: ruby_block[wait for logrotate service socket] called
[2023-02-06T15:45:24+00:00] INFO: ruby_block[reload_log_service] called
[2023-02-06T15:45:24+00:00] INFO: template[/opt/gitlab/sv/logrotate/log/run] sending run action to ruby_block[restart_log_service] (delayed)
[2023-02-06T15:45:24+00:00] INFO: ruby_block[restart_log_service] called
[2023-02-06T15:45:24+00:00] INFO: directory[/opt/gitlab/sv/redis] created directory /opt/gitlab/sv/redis
[2023-02-06T15:45:24+00:00] INFO: directory[/opt/gitlab/sv/redis] owner changed to 0
[2023-02-06T15:45:24+00:00] INFO: directory[/opt/gitlab/sv/redis] group changed to 0
[2023-02-06T15:45:24+00:00] INFO: directory[/opt/gitlab/sv/redis] mode changed to 755
[2023-02-06T15:45:24+00:00] INFO: template[/opt/gitlab/sv/redis/run] created file /opt/gitlab/sv/redis/run
[2023-02-06T15:45:24+00:00] INFO: template[/opt/gitlab/sv/redis/run] updated file contents /opt/gitlab/sv/redis/run
[2023-02-06T15:45:24+00:00] INFO: template[/opt/gitlab/sv/redis/run] owner changed to 0
[2023-02-06T15:45:24+00:00] INFO: template[/opt/gitlab/sv/redis/run] group changed to 0
[2023-02-06T15:45:24+00:00] INFO: template[/opt/gitlab/sv/redis/run] mode changed to 755
[2023-02-06T15:45:24+00:00] INFO: directory[/opt/gitlab/sv/redis/log] created directory /opt/gitlab/sv/redis/log
[2023-02-06T15:45:24+00:00] INFO: directory[/opt/gitlab/sv/redis/log] owner changed to 0
[2023-02-06T15:45:24+00:00] INFO: directory[/opt/gitlab/sv/redis/log] group changed to 0
[2023-02-06T15:45:24+00:00] INFO: directory[/opt/gitlab/sv/redis/log] mode changed to 755
[2023-02-06T15:45:24+00:00] INFO: directory[/opt/gitlab/sv/redis/log/main] created directory /opt/gitlab/sv/redis/log/main
[2023-02-06T15:45:24+00:00] INFO: directory[/opt/gitlab/sv/redis/log/main] owner changed to 0
[2023-02-06T15:45:24+00:00] INFO: directory[/opt/gitlab/sv/redis/log/main] group changed to 0
[2023-02-06T15:45:24+00:00] INFO: directory[/opt/gitlab/sv/redis/log/main] mode changed to 755
[2023-02-06T15:45:24+00:00] INFO: template[/opt/gitlab/sv/redis/log/config] created file /opt/gitlab/sv/redis/log/config
[2023-02-06T15:45:24+00:00] INFO: template[/opt/gitlab/sv/redis/log/config] updated file contents /opt/gitlab/sv/redis/log/config
[2023-02-06T15:45:24+00:00] INFO: template[/opt/gitlab/sv/redis/log/config] owner changed to 0
[2023-02-06T15:45:24+00:00] INFO: template[/opt/gitlab/sv/redis/log/config] group changed to 0
[2023-02-06T15:45:24+00:00] INFO: template[/opt/gitlab/sv/redis/log/config] mode changed to 644
[2023-02-06T15:45:24+00:00] INFO: template[/opt/gitlab/sv/redis/log/config] sending create action to ruby_block[verify_chown_persisted_on_redis] (immediate)
[2023-02-06T15:45:24+00:00] INFO: ruby_block[verify_chown_persisted_on_redis] called
[2023-02-06T15:45:24+00:00] INFO: template[/opt/gitlab/sv/redis/log/run] created file /opt/gitlab/sv/redis/log/run
[2023-02-06T15:45:24+00:00] INFO: template[/opt/gitlab/sv/redis/log/run] updated file contents /opt/gitlab/sv/redis/log/run
[2023-02-06T15:45:24+00:00] INFO: template[/opt/gitlab/sv/redis/log/run] owner changed to 0
[2023-02-06T15:45:24+00:00] INFO: template[/opt/gitlab/sv/redis/log/run] group changed to 0
[2023-02-06T15:45:24+00:00] INFO: template[/opt/gitlab/sv/redis/log/run] mode changed to 755
[2023-02-06T15:45:24+00:00] INFO: directory[/opt/gitlab/sv/redis/env] created directory /opt/gitlab/sv/redis/env
[2023-02-06T15:45:24+00:00] INFO: directory[/opt/gitlab/sv/redis/env] owner changed to 0
[2023-02-06T15:45:24+00:00] INFO: directory[/opt/gitlab/sv/redis/env] group changed to 0
[2023-02-06T15:45:24+00:00] INFO: directory[/opt/gitlab/sv/redis/env] mode changed to 755
[2023-02-06T15:45:24+00:00] INFO: directory[/opt/gitlab/sv/redis/control] created directory /opt/gitlab/sv/redis/control
[2023-02-06T15:45:24+00:00] INFO: directory[/opt/gitlab/sv/redis/control] owner changed to 0
[2023-02-06T15:45:24+00:00] INFO: directory[/opt/gitlab/sv/redis/control] group changed to 0
[2023-02-06T15:45:24+00:00] INFO: directory[/opt/gitlab/sv/redis/control] mode changed to 755
[2023-02-06T15:45:24+00:00] INFO: link[/opt/gitlab/init/redis] created
[2023-02-06T15:45:24+00:00] INFO: template[/opt/gitlab/sv/redis/run] sending run action to ruby_block[restart_service] (delayed)
[2023-02-06T15:45:24+00:00] INFO: template[/opt/gitlab/sv/redis/log/config] sending create action to ruby_block[reload_log_service] (delayed)
[2023-02-06T15:45:24+00:00] INFO: link[/opt/gitlab/service/redis] created
[2023-02-06T15:45:28+00:00] INFO: ruby_block[wait for redis service socket] called
[2023-02-06T15:45:28+00:00] INFO: ruby_block[reload_log_service] called
[2023-02-06T15:45:28+00:00] INFO: template[/opt/gitlab/sv/redis/log/run] sending run action to ruby_block[restart_log_service] (delayed)
[2023-02-06T15:45:30+00:00] INFO: ruby_block[restart_log_service] called
[2023-02-06T15:45:30+00:00] INFO: template[/opt/gitlab/etc/gitlab-redis-cli-rc] created file /opt/gitlab/etc/gitlab-redis-cli-rc
[2023-02-06T15:45:30+00:00] INFO: template[/opt/gitlab/etc/gitlab-redis-cli-rc] updated file contents /opt/gitlab/etc/gitlab-redis-cli-rc
[2023-02-06T15:45:30+00:00] INFO: template[/opt/gitlab/etc/gitlab-redis-cli-rc] owner changed to 0
[2023-02-06T15:45:30+00:00] INFO: template[/opt/gitlab/etc/gitlab-redis-cli-rc] group changed to 0
[2023-02-06T15:45:30+00:00] INFO: directory[/opt/gitlab/etc/gitaly/env] created directory /opt/gitlab/etc/gitaly/env
[2023-02-06T15:45:30+00:00] INFO: file[/opt/gitlab/etc/gitaly/env/HOME] created file /opt/gitlab/etc/gitaly/env/HOME
[2023-02-06T15:45:30+00:00] INFO: file[/opt/gitlab/etc/gitaly/env/HOME] updated file contents /opt/gitlab/etc/gitaly/env/HOME
[2023-02-06T15:45:30+00:00] INFO: file[/opt/gitlab/etc/gitaly/env/PATH] created file /opt/gitlab/etc/gitaly/env/PATH
[2023-02-06T15:45:30+00:00] INFO: file[/opt/gitlab/etc/gitaly/env/PATH] updated file contents /opt/gitlab/etc/gitaly/env/PATH
[2023-02-06T15:45:30+00:00] INFO: file[/opt/gitlab/etc/gitaly/env/TZ] created file /opt/gitlab/etc/gitaly/env/TZ
[2023-02-06T15:45:30+00:00] INFO: file[/opt/gitlab/etc/gitaly/env/TZ] updated file contents /opt/gitlab/etc/gitaly/env/TZ
[2023-02-06T15:45:30+00:00] INFO: file[/opt/gitlab/etc/gitaly/env/PYTHONPATH] created file /opt/gitlab/etc/gitaly/env/PYTHONPATH
[2023-02-06T15:45:30+00:00] INFO: file[/opt/gitlab/etc/gitaly/env/PYTHONPATH] updated file contents /opt/gitlab/etc/gitaly/env/PYTHONPATH
[2023-02-06T15:45:30+00:00] INFO: file[/opt/gitlab/etc/gitaly/env/ICU_DATA] created file /opt/gitlab/etc/gitaly/env/ICU_DATA
[2023-02-06T15:45:30+00:00] INFO: file[/opt/gitlab/etc/gitaly/env/ICU_DATA] updated file contents /opt/gitlab/etc/gitaly/env/ICU_DATA
[2023-02-06T15:45:30+00:00] INFO: file[/opt/gitlab/etc/gitaly/env/SSL_CERT_DIR] created file /opt/gitlab/etc/gitaly/env/SSL_CERT_DIR
[2023-02-06T15:45:30+00:00] INFO: file[/opt/gitlab/etc/gitaly/env/SSL_CERT_DIR] updated file contents /opt/gitlab/etc/gitaly/env/SSL_CERT_DIR
[2023-02-06T15:45:30+00:00] INFO: file[/opt/gitlab/etc/gitaly/env/GITALY_PID_FILE] created file /opt/gitlab/etc/gitaly/env/GITALY_PID_FILE
[2023-02-06T15:45:30+00:00] INFO: file[/opt/gitlab/etc/gitaly/env/GITALY_PID_FILE] updated file contents /opt/gitlab/etc/gitaly/env/GITALY_PID_FILE
[2023-02-06T15:45:30+00:00] INFO: file[/opt/gitlab/etc/gitaly/env/WRAPPER_JSON_LOGGING] created file /opt/gitlab/etc/gitaly/env/WRAPPER_JSON_LOGGING
[2023-02-06T15:45:30+00:00] INFO: file[/opt/gitlab/etc/gitaly/env/WRAPPER_JSON_LOGGING] updated file contents /opt/gitlab/etc/gitaly/env/WRAPPER_JSON_LOGGING
[2023-02-06T15:45:30+00:00] INFO: directory[/opt/gitlab/sv/gitaly] created directory /opt/gitlab/sv/gitaly
[2023-02-06T15:45:30+00:00] INFO: directory[/opt/gitlab/sv/gitaly] owner changed to 0
[2023-02-06T15:45:30+00:00] INFO: directory[/opt/gitlab/sv/gitaly] group changed to 0
[2023-02-06T15:45:30+00:00] INFO: directory[/opt/gitlab/sv/gitaly] mode changed to 755
[2023-02-06T15:45:30+00:00] INFO: template[/opt/gitlab/sv/gitaly/run] created file /opt/gitlab/sv/gitaly/run
[2023-02-06T15:45:30+00:00] INFO: template[/opt/gitlab/sv/gitaly/run] updated file contents /opt/gitlab/sv/gitaly/run
[2023-02-06T15:45:30+00:00] INFO: template[/opt/gitlab/sv/gitaly/run] owner changed to 0
[2023-02-06T15:45:30+00:00] INFO: template[/opt/gitlab/sv/gitaly/run] group changed to 0
[2023-02-06T15:45:30+00:00] INFO: template[/opt/gitlab/sv/gitaly/run] mode changed to 755
[2023-02-06T15:45:30+00:00] INFO: directory[/opt/gitlab/sv/gitaly/log] created directory /opt/gitlab/sv/gitaly/log
[2023-02-06T15:45:30+00:00] INFO: directory[/opt/gitlab/sv/gitaly/log] owner changed to 0
[2023-02-06T15:45:30+00:00] INFO: directory[/opt/gitlab/sv/gitaly/log] group changed to 0
[2023-02-06T15:45:30+00:00] INFO: directory[/opt/gitlab/sv/gitaly/log] mode changed to 755
[2023-02-06T15:45:30+00:00] INFO: directory[/opt/gitlab/sv/gitaly/log/main] created directory /opt/gitlab/sv/gitaly/log/main
[2023-02-06T15:45:30+00:00] INFO: directory[/opt/gitlab/sv/gitaly/log/main] owner changed to 0
[2023-02-06T15:45:30+00:00] INFO: directory[/opt/gitlab/sv/gitaly/log/main] group changed to 0
[2023-02-06T15:45:30+00:00] INFO: directory[/opt/gitlab/sv/gitaly/log/main] mode changed to 755
[2023-02-06T15:45:30+00:00] INFO: template[/opt/gitlab/sv/gitaly/log/config] created file /opt/gitlab/sv/gitaly/log/config
[2023-02-06T15:45:30+00:00] INFO: template[/opt/gitlab/sv/gitaly/log/config] updated file contents /opt/gitlab/sv/gitaly/log/config
[2023-02-06T15:45:30+00:00] INFO: template[/opt/gitlab/sv/gitaly/log/config] owner changed to 0
[2023-02-06T15:45:30+00:00] INFO: template[/opt/gitlab/sv/gitaly/log/config] group changed to 0
[2023-02-06T15:45:30+00:00] INFO: template[/opt/gitlab/sv/gitaly/log/config] mode changed to 644
[2023-02-06T15:45:30+00:00] INFO: template[/opt/gitlab/sv/gitaly/log/config] sending create action to ruby_block[verify_chown_persisted_on_gitaly] (immediate)
[2023-02-06T15:45:30+00:00] INFO: ruby_block[verify_chown_persisted_on_gitaly] called
[2023-02-06T15:45:30+00:00] INFO: template[/opt/gitlab/sv/gitaly/log/run] created file /opt/gitlab/sv/gitaly/log/run
[2023-02-06T15:45:30+00:00] INFO: template[/opt/gitlab/sv/gitaly/log/run] updated file contents /opt/gitlab/sv/gitaly/log/run
[2023-02-06T15:45:30+00:00] INFO: template[/opt/gitlab/sv/gitaly/log/run] owner changed to 0
[2023-02-06T15:45:30+00:00] INFO: template[/opt/gitlab/sv/gitaly/log/run] group changed to 0
[2023-02-06T15:45:30+00:00] INFO: template[/opt/gitlab/sv/gitaly/log/run] mode changed to 755
[2023-02-06T15:45:30+00:00] INFO: directory[/opt/gitlab/sv/gitaly/env] created directory /opt/gitlab/sv/gitaly/env
[2023-02-06T15:45:30+00:00] INFO: directory[/opt/gitlab/sv/gitaly/env] owner changed to 0
[2023-02-06T15:45:30+00:00] INFO: directory[/opt/gitlab/sv/gitaly/env] group changed to 0
[2023-02-06T15:45:30+00:00] INFO: directory[/opt/gitlab/sv/gitaly/env] mode changed to 755
[2023-02-06T15:45:30+00:00] INFO: directory[/opt/gitlab/sv/gitaly/control] created directory /opt/gitlab/sv/gitaly/control
[2023-02-06T15:45:30+00:00] INFO: directory[/opt/gitlab/sv/gitaly/control] owner changed to 0
[2023-02-06T15:45:30+00:00] INFO: directory[/opt/gitlab/sv/gitaly/control] group changed to 0
[2023-02-06T15:45:30+00:00] INFO: directory[/opt/gitlab/sv/gitaly/control] mode changed to 755
[2023-02-06T15:45:30+00:00] INFO: link[/opt/gitlab/init/gitaly] created
[2023-02-06T15:45:30+00:00] INFO: template[/opt/gitlab/sv/gitaly/run] sending run action to ruby_block[restart_service] (delayed)
[2023-02-06T15:45:30+00:00] INFO: template[/opt/gitlab/sv/gitaly/log/config] sending create action to ruby_block[reload_log_service] (delayed)
[2023-02-06T15:45:30+00:00] INFO: link[/opt/gitlab/service/gitaly] created
[2023-02-06T15:45:34+00:00] INFO: ruby_block[wait for gitaly service socket] called
[2023-02-06T15:45:34+00:00] INFO: ruby_block[reload_log_service] called
[2023-02-06T15:45:34+00:00] INFO: template[/opt/gitlab/sv/gitaly/log/run] sending run action to ruby_block[restart_log_service] (delayed)
[2023-02-06T15:45:35+00:00] INFO: ruby_block[restart_log_service] called
[2023-02-06T15:45:35+00:00] INFO: file[/var/opt/gitlab/gitaly/VERSION] backed up to /opt/gitlab/embedded/cookbooks/cache/backup/var/opt/gitlab/gitaly/VERSION.chef-20230206154535.935225
[2023-02-06T15:45:35+00:00] INFO: file[/var/opt/gitlab/gitaly/VERSION] updated file contents /var/opt/gitlab/gitaly/VERSION
[2023-02-06T15:45:35+00:00] INFO: file[/var/opt/gitlab/gitaly/RUBY_VERSION] backed up to /opt/gitlab/embedded/cookbooks/cache/backup/var/opt/gitlab/gitaly/RUBY_VERSION.chef-20230206154535.979144
[2023-02-06T15:45:35+00:00] INFO: file[/var/opt/gitlab/gitaly/RUBY_VERSION] updated file contents /var/opt/gitlab/gitaly/RUBY_VERSION
[2023-02-06T15:45:35+00:00] INFO: version_file[Create Ruby version file for Gitaly] not queuing delayed action hup on runit_service[gitaly] (delayed), as it's already been queued
[2023-02-06T15:45:36+00:00] INFO: template[/opt/gitlab/etc/gitlab-psql-rc] created file /opt/gitlab/etc/gitlab-psql-rc
[2023-02-06T15:45:36+00:00] INFO: template[/opt/gitlab/etc/gitlab-psql-rc] updated file contents /opt/gitlab/etc/gitlab-psql-rc
[2023-02-06T15:45:36+00:00] INFO: template[/opt/gitlab/etc/gitlab-psql-rc] owner changed to 0
[2023-02-06T15:45:36+00:00] INFO: template[/opt/gitlab/etc/gitlab-psql-rc] group changed to 0
[2023-02-06T15:45:36+00:00] INFO: file[/var/opt/gitlab/postgresql/data/server.crt] backed up to /opt/gitlab/embedded/cookbooks/cache/backup/var/opt/gitlab/postgresql/data/server.crt.chef-20230206154536.069849
[2023-02-06T15:45:36+00:00] INFO: file[/var/opt/gitlab/postgresql/data/server.crt] updated file contents /var/opt/gitlab/postgresql/data/server.crt
[2023-02-06T15:45:36+00:00] INFO: file[/var/opt/gitlab/postgresql/data/server.key] backed up to /opt/gitlab/embedded/cookbooks/cache/backup/var/opt/gitlab/postgresql/data/server.key.chef-20230206154536.085456
[2023-02-06T15:45:36+00:00] INFO: file[/var/opt/gitlab/postgresql/data/server.key] updated file contents /var/opt/gitlab/postgresql/data/server.key
[2023-02-06T15:45:36+00:00] INFO: directory[/opt/gitlab/sv/postgresql] created directory /opt/gitlab/sv/postgresql
[2023-02-06T15:45:36+00:00] INFO: directory[/opt/gitlab/sv/postgresql] owner changed to 0
[2023-02-06T15:45:36+00:00] INFO: directory[/opt/gitlab/sv/postgresql] group changed to 0
[2023-02-06T15:45:36+00:00] INFO: directory[/opt/gitlab/sv/postgresql] mode changed to 755
[2023-02-06T15:45:36+00:00] INFO: template[/opt/gitlab/sv/postgresql/run] created file /opt/gitlab/sv/postgresql/run
[2023-02-06T15:45:36+00:00] INFO: template[/opt/gitlab/sv/postgresql/run] updated file contents /opt/gitlab/sv/postgresql/run
[2023-02-06T15:45:36+00:00] INFO: template[/opt/gitlab/sv/postgresql/run] owner changed to 0
[2023-02-06T15:45:36+00:00] INFO: template[/opt/gitlab/sv/postgresql/run] group changed to 0
[2023-02-06T15:45:36+00:00] INFO: template[/opt/gitlab/sv/postgresql/run] mode changed to 755
[2023-02-06T15:45:36+00:00] INFO: directory[/opt/gitlab/sv/postgresql/log] created directory /opt/gitlab/sv/postgresql/log
[2023-02-06T15:45:36+00:00] INFO: directory[/opt/gitlab/sv/postgresql/log] owner changed to 0
[2023-02-06T15:45:36+00:00] INFO: directory[/opt/gitlab/sv/postgresql/log] group changed to 0
[2023-02-06T15:45:36+00:00] INFO: directory[/opt/gitlab/sv/postgresql/log] mode changed to 755
[2023-02-06T15:45:36+00:00] INFO: directory[/opt/gitlab/sv/postgresql/log/main] created directory /opt/gitlab/sv/postgresql/log/main
[2023-02-06T15:45:36+00:00] INFO: directory[/opt/gitlab/sv/postgresql/log/main] owner changed to 0
[2023-02-06T15:45:36+00:00] INFO: directory[/opt/gitlab/sv/postgresql/log/main] group changed to 0
[2023-02-06T15:45:36+00:00] INFO: directory[/opt/gitlab/sv/postgresql/log/main] mode changed to 755
[2023-02-06T15:45:36+00:00] INFO: template[/opt/gitlab/sv/postgresql/log/config] created file /opt/gitlab/sv/postgresql/log/config
[2023-02-06T15:45:36+00:00] INFO: template[/opt/gitlab/sv/postgresql/log/config] updated file contents /opt/gitlab/sv/postgresql/log/config
[2023-02-06T15:45:36+00:00] INFO: template[/opt/gitlab/sv/postgresql/log/config] owner changed to 0
[2023-02-06T15:45:36+00:00] INFO: template[/opt/gitlab/sv/postgresql/log/config] group changed to 0
[2023-02-06T15:45:36+00:00] INFO: template[/opt/gitlab/sv/postgresql/log/config] mode changed to 644
[2023-02-06T15:45:36+00:00] INFO: template[/opt/gitlab/sv/postgresql/log/config] sending create action to ruby_block[verify_chown_persisted_on_postgresql] (immediate)
[2023-02-06T15:45:36+00:00] INFO: ruby_block[verify_chown_persisted_on_postgresql] called
[2023-02-06T15:45:36+00:00] INFO: template[/opt/gitlab/sv/postgresql/log/run] created file /opt/gitlab/sv/postgresql/log/run
[2023-02-06T15:45:36+00:00] INFO: template[/opt/gitlab/sv/postgresql/log/run] updated file contents /opt/gitlab/sv/postgresql/log/run
[2023-02-06T15:45:36+00:00] INFO: template[/opt/gitlab/sv/postgresql/log/run] owner changed to 0
[2023-02-06T15:45:36+00:00] INFO: template[/opt/gitlab/sv/postgresql/log/run] group changed to 0
[2023-02-06T15:45:36+00:00] INFO: template[/opt/gitlab/sv/postgresql/log/run] mode changed to 755
[2023-02-06T15:45:36+00:00] INFO: directory[/opt/gitlab/sv/postgresql/env] created directory /opt/gitlab/sv/postgresql/env
[2023-02-06T15:45:36+00:00] INFO: directory[/opt/gitlab/sv/postgresql/env] owner changed to 0
[2023-02-06T15:45:36+00:00] INFO: directory[/opt/gitlab/sv/postgresql/env] group changed to 0
[2023-02-06T15:45:36+00:00] INFO: directory[/opt/gitlab/sv/postgresql/env] mode changed to 755
[2023-02-06T15:45:36+00:00] INFO: directory[/opt/gitlab/sv/postgresql/control] created directory /opt/gitlab/sv/postgresql/control
[2023-02-06T15:45:36+00:00] INFO: directory[/opt/gitlab/sv/postgresql/control] owner changed to 0
[2023-02-06T15:45:36+00:00] INFO: directory[/opt/gitlab/sv/postgresql/control] group changed to 0
[2023-02-06T15:45:36+00:00] INFO: directory[/opt/gitlab/sv/postgresql/control] mode changed to 755
[2023-02-06T15:45:36+00:00] INFO: template[/opt/gitlab/sv/postgresql/control/t] created file /opt/gitlab/sv/postgresql/control/t
[2023-02-06T15:45:36+00:00] INFO: template[/opt/gitlab/sv/postgresql/control/t] updated file contents /opt/gitlab/sv/postgresql/control/t
[2023-02-06T15:45:36+00:00] INFO: template[/opt/gitlab/sv/postgresql/control/t] owner changed to 0
[2023-02-06T15:45:36+00:00] INFO: template[/opt/gitlab/sv/postgresql/control/t] group changed to 0
[2023-02-06T15:45:36+00:00] INFO: template[/opt/gitlab/sv/postgresql/control/t] mode changed to 755
[2023-02-06T15:45:36+00:00] INFO: link[/opt/gitlab/init/postgresql] created
[2023-02-06T15:45:36+00:00] INFO: template[/opt/gitlab/sv/postgresql/run] sending run action to ruby_block[restart_service] (delayed)
[2023-02-06T15:45:36+00:00] INFO: template[/opt/gitlab/sv/postgresql/log/config] sending create action to ruby_block[reload_log_service] (delayed)
[2023-02-06T15:45:36+00:00] INFO: link[/opt/gitlab/service/postgresql] created
[2023-02-06T15:45:41+00:00] INFO: ruby_block[wait for postgresql service socket] called
[2023-02-06T15:45:41+00:00] INFO: directory[/opt/gitlab/service/postgresql/supervise] mode changed to 755
[2023-02-06T15:45:41+00:00] INFO: directory[/opt/gitlab/service/postgresql/log/supervise] mode changed to 755
[2023-02-06T15:45:41+00:00] INFO: file[/opt/gitlab/service/postgresql/supervise/ok] created file /opt/gitlab/service/postgresql/supervise/ok
[2023-02-06T15:45:41+00:00] INFO: file[/opt/gitlab/service/postgresql/supervise/ok] owner changed to 996
[2023-02-06T15:45:41+00:00] INFO: file[/opt/gitlab/service/postgresql/supervise/ok] group changed to 996
[2023-02-06T15:45:41+00:00] INFO: file[/opt/gitlab/service/postgresql/supervise/ok] updated atime and mtime to 2023-02-06 15:45:41 +0000
[2023-02-06T15:45:41+00:00] INFO: file[/opt/gitlab/service/postgresql/log/supervise/ok] created file /opt/gitlab/service/postgresql/log/supervise/ok
[2023-02-06T15:45:41+00:00] INFO: file[/opt/gitlab/service/postgresql/log/supervise/ok] owner changed to 996
[2023-02-06T15:45:41+00:00] INFO: file[/opt/gitlab/service/postgresql/log/supervise/ok] group changed to 996
[2023-02-06T15:45:41+00:00] INFO: file[/opt/gitlab/service/postgresql/log/supervise/ok] updated atime and mtime to 2023-02-06 15:45:41 +0000
[2023-02-06T15:45:41+00:00] INFO: file[/opt/gitlab/service/postgresql/supervise/status] owner changed to 996
[2023-02-06T15:45:41+00:00] INFO: file[/opt/gitlab/service/postgresql/supervise/status] group changed to 996
[2023-02-06T15:45:41+00:00] INFO: file[/opt/gitlab/service/postgresql/supervise/status] updated atime and mtime to 2023-02-06 15:45:41 +0000
[2023-02-06T15:45:41+00:00] INFO: file[/opt/gitlab/service/postgresql/log/supervise/status] owner changed to 996
[2023-02-06T15:45:41+00:00] INFO: file[/opt/gitlab/service/postgresql/log/supervise/status] group changed to 996
[2023-02-06T15:45:41+00:00] INFO: file[/opt/gitlab/service/postgresql/log/supervise/status] updated atime and mtime to 2023-02-06 15:45:41 +0000
[2023-02-06T15:45:41+00:00] INFO: file[/opt/gitlab/service/postgresql/supervise/control] created file /opt/gitlab/service/postgresql/supervise/control
[2023-02-06T15:45:41+00:00] INFO: file[/opt/gitlab/service/postgresql/supervise/control] owner changed to 996
[2023-02-06T15:45:41+00:00] INFO: file[/opt/gitlab/service/postgresql/supervise/control] group changed to 996
[2023-02-06T15:45:41+00:00] INFO: file[/opt/gitlab/service/postgresql/supervise/control] updated atime and mtime to 2023-02-06 15:45:41 +0000
[2023-02-06T15:45:41+00:00] INFO: file[/opt/gitlab/service/postgresql/log/supervise/control] created file /opt/gitlab/service/postgresql/log/supervise/control
[2023-02-06T15:45:41+00:00] INFO: file[/opt/gitlab/service/postgresql/log/supervise/control] owner changed to 996
[2023-02-06T15:45:41+00:00] INFO: file[/opt/gitlab/service/postgresql/log/supervise/control] group changed to 996
[2023-02-06T15:45:41+00:00] INFO: file[/opt/gitlab/service/postgresql/log/supervise/control] updated atime and mtime to 2023-02-06 15:45:41 +0000
[2023-02-06T15:45:42+00:00] INFO: ruby_block[reload_log_service] called
[2023-02-06T15:45:42+00:00] INFO: template[/opt/gitlab/sv/postgresql/log/run] sending run action to ruby_block[restart_log_service] (delayed)
[2023-02-06T15:45:42+00:00] INFO: file[/opt/gitlab/service/postgresql/log/supervise/status] owner changed to 996
[2023-02-06T15:45:42+00:00] INFO: file[/opt/gitlab/service/postgresql/log/supervise/status] group changed to 996
[2023-02-06T15:45:42+00:00] INFO: file[/opt/gitlab/service/postgresql/log/supervise/status] updated atime and mtime to 2023-02-06 15:45:42 +0000
[2023-02-06T15:45:42+00:00] INFO: ruby_block[restart_log_service] called
[2023-02-06T15:45:42+00:00] INFO: file[/opt/gitlab/service/postgresql/log/supervise/status] owner changed to 996
[2023-02-06T15:45:42+00:00] INFO: file[/opt/gitlab/service/postgresql/log/supervise/status] group changed to 996
[2023-02-06T15:45:42+00:00] INFO: file[/opt/gitlab/service/postgresql/log/supervise/status] updated atime and mtime to 2023-02-06 15:45:42 +0000
[2023-02-06T15:45:48+00:00] INFO: directory[/opt/gitlab/etc/gitlab-kas] created directory /opt/gitlab/etc/gitlab-kas
[2023-02-06T15:45:48+00:00] INFO: directory[/opt/gitlab/etc/gitlab-kas] owner changed to 998
[2023-02-06T15:45:48+00:00] INFO: directory[/opt/gitlab/etc/gitlab-kas] mode changed to 700
[2023-02-06T15:45:48+00:00] INFO: file[/var/opt/gitlab/gitlab-kas/VERSION] backed up to /opt/gitlab/embedded/cookbooks/cache/backup/var/opt/gitlab/gitlab-kas/VERSION.chef-20230206154548.560624
[2023-02-06T15:45:48+00:00] INFO: file[/var/opt/gitlab/gitlab-kas/VERSION] updated file contents /var/opt/gitlab/gitlab-kas/VERSION
[2023-02-06T15:45:48+00:00] INFO: file[/var/opt/gitlab/gitlab-kas/authentication_secret_file] backed up to /opt/gitlab/embedded/cookbooks/cache/backup/var/opt/gitlab/gitlab-kas/authentication_secret_file.chef-20230206154548.580186
[2023-02-06T15:45:48+00:00] INFO: file[/var/opt/gitlab/gitlab-kas/authentication_secret_file] updated file contents /var/opt/gitlab/gitlab-kas/authentication_secret_file
[2023-02-06T15:45:48+00:00] INFO: file[/var/opt/gitlab/gitlab-kas/authentication_secret_file] not queuing delayed action restart on runit_service[gitlab-kas] (delayed), as it's already been queued
[2023-02-06T15:45:48+00:00] INFO: file[/var/opt/gitlab/gitlab-kas/private_api_authentication_secret_file] backed up to /opt/gitlab/embedded/cookbooks/cache/backup/var/opt/gitlab/gitlab-kas/private_api_authentication_secret_file.chef-20230206154548.600241
[2023-02-06T15:45:48+00:00] INFO: file[/var/opt/gitlab/gitlab-kas/private_api_authentication_secret_file] updated file contents /var/opt/gitlab/gitlab-kas/private_api_authentication_secret_file
[2023-02-06T15:45:48+00:00] INFO: file[/var/opt/gitlab/gitlab-kas/private_api_authentication_secret_file] not queuing delayed action restart on runit_service[gitlab-kas] (delayed), as it's already been queued
[2023-02-06T15:45:48+00:00] INFO: directory[/opt/gitlab/etc/gitlab-kas/env] created directory /opt/gitlab/etc/gitlab-kas/env
[2023-02-06T15:45:48+00:00] INFO: file[/opt/gitlab/etc/gitlab-kas/env/SSL_CERT_DIR] created file /opt/gitlab/etc/gitlab-kas/env/SSL_CERT_DIR
[2023-02-06T15:45:48+00:00] INFO: file[/opt/gitlab/etc/gitlab-kas/env/SSL_CERT_DIR] updated file contents /opt/gitlab/etc/gitlab-kas/env/SSL_CERT_DIR
[2023-02-06T15:45:48+00:00] INFO: file[/opt/gitlab/etc/gitlab-kas/env/OWN_PRIVATE_API_URL] created file /opt/gitlab/etc/gitlab-kas/env/OWN_PRIVATE_API_URL
[2023-02-06T15:45:48+00:00] INFO: file[/opt/gitlab/etc/gitlab-kas/env/OWN_PRIVATE_API_URL] updated file contents /opt/gitlab/etc/gitlab-kas/env/OWN_PRIVATE_API_URL
[2023-02-06T15:45:48+00:00] INFO: directory[/opt/gitlab/sv/gitlab-kas] created directory /opt/gitlab/sv/gitlab-kas
[2023-02-06T15:45:48+00:00] INFO: directory[/opt/gitlab/sv/gitlab-kas] owner changed to 0
[2023-02-06T15:45:48+00:00] INFO: directory[/opt/gitlab/sv/gitlab-kas] group changed to 0
[2023-02-06T15:45:48+00:00] INFO: directory[/opt/gitlab/sv/gitlab-kas] mode changed to 755
[2023-02-06T15:45:48+00:00] INFO: template[/opt/gitlab/sv/gitlab-kas/run] created file /opt/gitlab/sv/gitlab-kas/run
[2023-02-06T15:45:48+00:00] INFO: template[/opt/gitlab/sv/gitlab-kas/run] updated file contents /opt/gitlab/sv/gitlab-kas/run
[2023-02-06T15:45:48+00:00] INFO: template[/opt/gitlab/sv/gitlab-kas/run] owner changed to 0
[2023-02-06T15:45:48+00:00] INFO: template[/opt/gitlab/sv/gitlab-kas/run] group changed to 0
[2023-02-06T15:45:48+00:00] INFO: template[/opt/gitlab/sv/gitlab-kas/run] mode changed to 755
[2023-02-06T15:45:48+00:00] INFO: directory[/opt/gitlab/sv/gitlab-kas/log] created directory /opt/gitlab/sv/gitlab-kas/log
[2023-02-06T15:45:48+00:00] INFO: directory[/opt/gitlab/sv/gitlab-kas/log] owner changed to 0
[2023-02-06T15:45:48+00:00] INFO: directory[/opt/gitlab/sv/gitlab-kas/log] group changed to 0
[2023-02-06T15:45:48+00:00] INFO: directory[/opt/gitlab/sv/gitlab-kas/log] mode changed to 755
[2023-02-06T15:45:48+00:00] INFO: directory[/opt/gitlab/sv/gitlab-kas/log/main] created directory /opt/gitlab/sv/gitlab-kas/log/main
[2023-02-06T15:45:48+00:00] INFO: directory[/opt/gitlab/sv/gitlab-kas/log/main] owner changed to 0
[2023-02-06T15:45:48+00:00] INFO: directory[/opt/gitlab/sv/gitlab-kas/log/main] group changed to 0
[2023-02-06T15:45:48+00:00] INFO: directory[/opt/gitlab/sv/gitlab-kas/log/main] mode changed to 755
[2023-02-06T15:45:48+00:00] INFO: template[/opt/gitlab/sv/gitlab-kas/log/config] created file /opt/gitlab/sv/gitlab-kas/log/config
[2023-02-06T15:45:48+00:00] INFO: template[/opt/gitlab/sv/gitlab-kas/log/config] updated file contents /opt/gitlab/sv/gitlab-kas/log/config
[2023-02-06T15:45:48+00:00] INFO: template[/opt/gitlab/sv/gitlab-kas/log/config] owner changed to 0
[2023-02-06T15:45:48+00:00] INFO: template[/opt/gitlab/sv/gitlab-kas/log/config] group changed to 0
[2023-02-06T15:45:48+00:00] INFO: template[/opt/gitlab/sv/gitlab-kas/log/config] mode changed to 644
[2023-02-06T15:45:48+00:00] INFO: template[/opt/gitlab/sv/gitlab-kas/log/config] sending create action to ruby_block[verify_chown_persisted_on_gitlab-kas] (immediate)
[2023-02-06T15:45:48+00:00] INFO: ruby_block[verify_chown_persisted_on_gitlab-kas] called
[2023-02-06T15:45:48+00:00] INFO: template[/opt/gitlab/sv/gitlab-kas/log/run] created file /opt/gitlab/sv/gitlab-kas/log/run
[2023-02-06T15:45:48+00:00] INFO: template[/opt/gitlab/sv/gitlab-kas/log/run] updated file contents /opt/gitlab/sv/gitlab-kas/log/run
[2023-02-06T15:45:48+00:00] INFO: template[/opt/gitlab/sv/gitlab-kas/log/run] owner changed to 0
[2023-02-06T15:45:48+00:00] INFO: template[/opt/gitlab/sv/gitlab-kas/log/run] group changed to 0
[2023-02-06T15:45:48+00:00] INFO: template[/opt/gitlab/sv/gitlab-kas/log/run] mode changed to 755
[2023-02-06T15:45:48+00:00] INFO: directory[/opt/gitlab/sv/gitlab-kas/env] created directory /opt/gitlab/sv/gitlab-kas/env
[2023-02-06T15:45:48+00:00] INFO: directory[/opt/gitlab/sv/gitlab-kas/env] owner changed to 0
[2023-02-06T15:45:48+00:00] INFO: directory[/opt/gitlab/sv/gitlab-kas/env] group changed to 0
[2023-02-06T15:45:48+00:00] INFO: directory[/opt/gitlab/sv/gitlab-kas/env] mode changed to 755
[2023-02-06T15:45:48+00:00] INFO: directory[/opt/gitlab/sv/gitlab-kas/control] created directory /opt/gitlab/sv/gitlab-kas/control
[2023-02-06T15:45:48+00:00] INFO: directory[/opt/gitlab/sv/gitlab-kas/control] owner changed to 0
[2023-02-06T15:45:48+00:00] INFO: directory[/opt/gitlab/sv/gitlab-kas/control] group changed to 0
[2023-02-06T15:45:48+00:00] INFO: directory[/opt/gitlab/sv/gitlab-kas/control] mode changed to 755
[2023-02-06T15:45:48+00:00] INFO: link[/opt/gitlab/init/gitlab-kas] created
[2023-02-06T15:45:48+00:00] INFO: template[/opt/gitlab/sv/gitlab-kas/run] sending run action to ruby_block[restart_service] (delayed)
[2023-02-06T15:45:48+00:00] INFO: template[/opt/gitlab/sv/gitlab-kas/log/config] sending create action to ruby_block[reload_log_service] (delayed)
[2023-02-06T15:45:48+00:00] INFO: link[/opt/gitlab/service/gitlab-kas] created
[2023-02-06T15:45:51+00:00] INFO: ruby_block[wait for gitlab-kas service socket] called
[2023-02-06T15:45:51+00:00] INFO: ruby_block[reload_log_service] called
[2023-02-06T15:45:51+00:00] INFO: template[/opt/gitlab/sv/gitlab-kas/log/run] sending run action to ruby_block[restart_log_service] (delayed)
[2023-02-06T15:45:53+00:00] INFO: ruby_block[restart_log_service] called
[2023-02-06T15:45:53+00:00] INFO: directory[/opt/gitlab/var/puma] created directory /opt/gitlab/var/puma
[2023-02-06T15:45:53+00:00] INFO: directory[/opt/gitlab/var/puma] owner changed to 998
[2023-02-06T15:45:53+00:00] INFO: directory[/opt/gitlab/var/puma] mode changed to 700
[2023-02-06T15:45:53+00:00] INFO: directory[/opt/gitlab/sv/puma] created directory /opt/gitlab/sv/puma
[2023-02-06T15:45:53+00:00] INFO: directory[/opt/gitlab/sv/puma] owner changed to 0
[2023-02-06T15:45:53+00:00] INFO: directory[/opt/gitlab/sv/puma] group changed to 0
[2023-02-06T15:45:53+00:00] INFO: directory[/opt/gitlab/sv/puma] mode changed to 755
[2023-02-06T15:45:53+00:00] INFO: template[/opt/gitlab/sv/puma/run] created file /opt/gitlab/sv/puma/run
[2023-02-06T15:45:53+00:00] INFO: template[/opt/gitlab/sv/puma/run] updated file contents /opt/gitlab/sv/puma/run
[2023-02-06T15:45:53+00:00] INFO: template[/opt/gitlab/sv/puma/run] owner changed to 0
[2023-02-06T15:45:53+00:00] INFO: template[/opt/gitlab/sv/puma/run] group changed to 0
[2023-02-06T15:45:53+00:00] INFO: template[/opt/gitlab/sv/puma/run] mode changed to 755
[2023-02-06T15:45:53+00:00] INFO: directory[/opt/gitlab/sv/puma/log] created directory /opt/gitlab/sv/puma/log
[2023-02-06T15:45:53+00:00] INFO: directory[/opt/gitlab/sv/puma/log] owner changed to 0
[2023-02-06T15:45:53+00:00] INFO: directory[/opt/gitlab/sv/puma/log] group changed to 0
[2023-02-06T15:45:53+00:00] INFO: directory[/opt/gitlab/sv/puma/log] mode changed to 755
[2023-02-06T15:45:53+00:00] INFO: directory[/opt/gitlab/sv/puma/log/main] created directory /opt/gitlab/sv/puma/log/main
[2023-02-06T15:45:53+00:00] INFO: directory[/opt/gitlab/sv/puma/log/main] owner changed to 0
[2023-02-06T15:45:53+00:00] INFO: directory[/opt/gitlab/sv/puma/log/main] group changed to 0
[2023-02-06T15:45:53+00:00] INFO: directory[/opt/gitlab/sv/puma/log/main] mode changed to 755
[2023-02-06T15:45:53+00:00] INFO: template[/opt/gitlab/sv/puma/log/config] created file /opt/gitlab/sv/puma/log/config
[2023-02-06T15:45:53+00:00] INFO: template[/opt/gitlab/sv/puma/log/config] updated file contents /opt/gitlab/sv/puma/log/config
[2023-02-06T15:45:53+00:00] INFO: template[/opt/gitlab/sv/puma/log/config] owner changed to 0
[2023-02-06T15:45:53+00:00] INFO: template[/opt/gitlab/sv/puma/log/config] group changed to 0
[2023-02-06T15:45:53+00:00] INFO: template[/opt/gitlab/sv/puma/log/config] mode changed to 644
[2023-02-06T15:45:53+00:00] INFO: template[/opt/gitlab/sv/puma/log/config] sending create action to ruby_block[verify_chown_persisted_on_puma] (immediate)
[2023-02-06T15:45:53+00:00] INFO: ruby_block[verify_chown_persisted_on_puma] called
[2023-02-06T15:45:53+00:00] INFO: template[/opt/gitlab/sv/puma/log/run] created file /opt/gitlab/sv/puma/log/run
[2023-02-06T15:45:53+00:00] INFO: template[/opt/gitlab/sv/puma/log/run] updated file contents /opt/gitlab/sv/puma/log/run
[2023-02-06T15:45:53+00:00] INFO: template[/opt/gitlab/sv/puma/log/run] owner changed to 0
[2023-02-06T15:45:53+00:00] INFO: template[/opt/gitlab/sv/puma/log/run] group changed to 0
[2023-02-06T15:45:53+00:00] INFO: template[/opt/gitlab/sv/puma/log/run] mode changed to 755
[2023-02-06T15:45:53+00:00] INFO: directory[/opt/gitlab/sv/puma/env] created directory /opt/gitlab/sv/puma/env
[2023-02-06T15:45:53+00:00] INFO: directory[/opt/gitlab/sv/puma/env] owner changed to 0
[2023-02-06T15:45:53+00:00] INFO: directory[/opt/gitlab/sv/puma/env] group changed to 0
[2023-02-06T15:45:53+00:00] INFO: directory[/opt/gitlab/sv/puma/env] mode changed to 755
[2023-02-06T15:45:53+00:00] INFO: directory[/opt/gitlab/sv/puma/control] created directory /opt/gitlab/sv/puma/control
[2023-02-06T15:45:53+00:00] INFO: directory[/opt/gitlab/sv/puma/control] owner changed to 0
[2023-02-06T15:45:53+00:00] INFO: directory[/opt/gitlab/sv/puma/control] group changed to 0
[2023-02-06T15:45:53+00:00] INFO: directory[/opt/gitlab/sv/puma/control] mode changed to 755
[2023-02-06T15:45:53+00:00] INFO: template[/opt/gitlab/sv/puma/control/t] created file /opt/gitlab/sv/puma/control/t
[2023-02-06T15:45:53+00:00] INFO: template[/opt/gitlab/sv/puma/control/t] updated file contents /opt/gitlab/sv/puma/control/t
[2023-02-06T15:45:53+00:00] INFO: template[/opt/gitlab/sv/puma/control/t] owner changed to 0
[2023-02-06T15:45:53+00:00] INFO: template[/opt/gitlab/sv/puma/control/t] group changed to 0
[2023-02-06T15:45:53+00:00] INFO: template[/opt/gitlab/sv/puma/control/t] mode changed to 755
[2023-02-06T15:45:53+00:00] INFO: template[/opt/gitlab/sv/puma/control/h] created file /opt/gitlab/sv/puma/control/h
[2023-02-06T15:45:53+00:00] INFO: template[/opt/gitlab/sv/puma/control/h] updated file contents /opt/gitlab/sv/puma/control/h
[2023-02-06T15:45:53+00:00] INFO: template[/opt/gitlab/sv/puma/control/h] owner changed to 0
[2023-02-06T15:45:53+00:00] INFO: template[/opt/gitlab/sv/puma/control/h] group changed to 0
[2023-02-06T15:45:53+00:00] INFO: template[/opt/gitlab/sv/puma/control/h] mode changed to 755
[2023-02-06T15:45:53+00:00] INFO: link[/opt/gitlab/init/puma] created
[2023-02-06T15:45:53+00:00] INFO: template[/opt/gitlab/sv/puma/run] sending run action to ruby_block[restart_service] (delayed)
[2023-02-06T15:45:53+00:00] INFO: template[/opt/gitlab/sv/puma/log/config] sending create action to ruby_block[reload_log_service] (delayed)
[2023-02-06T15:45:53+00:00] INFO: link[/opt/gitlab/service/puma] created
[2023-02-06T15:45:58+00:00] INFO: ruby_block[wait for puma service socket] called
[2023-02-06T15:45:59+00:00] INFO: ruby_block[reload_log_service] called
[2023-02-06T15:45:59+00:00] INFO: template[/opt/gitlab/sv/puma/log/run] sending run action to ruby_block[restart_log_service] (delayed)
[2023-02-06T15:45:59+00:00] INFO: ruby_block[restart_log_service] called
[2023-02-06T15:45:59+00:00] INFO: directory[/opt/gitlab/sv/sidekiq] created directory /opt/gitlab/sv/sidekiq
[2023-02-06T15:45:59+00:00] INFO: directory[/opt/gitlab/sv/sidekiq] owner changed to 0
[2023-02-06T15:45:59+00:00] INFO: directory[/opt/gitlab/sv/sidekiq] group changed to 0
[2023-02-06T15:45:59+00:00] INFO: directory[/opt/gitlab/sv/sidekiq] mode changed to 755
[2023-02-06T15:45:59+00:00] INFO: template[/opt/gitlab/sv/sidekiq/run] created file /opt/gitlab/sv/sidekiq/run
[2023-02-06T15:45:59+00:00] INFO: template[/opt/gitlab/sv/sidekiq/run] updated file contents /opt/gitlab/sv/sidekiq/run
[2023-02-06T15:45:59+00:00] INFO: template[/opt/gitlab/sv/sidekiq/run] owner changed to 0
[2023-02-06T15:45:59+00:00] INFO: template[/opt/gitlab/sv/sidekiq/run] group changed to 0
[2023-02-06T15:45:59+00:00] INFO: template[/opt/gitlab/sv/sidekiq/run] mode changed to 755
[2023-02-06T15:45:59+00:00] INFO: directory[/opt/gitlab/sv/sidekiq/log] created directory /opt/gitlab/sv/sidekiq/log
[2023-02-06T15:45:59+00:00] INFO: directory[/opt/gitlab/sv/sidekiq/log] owner changed to 0
[2023-02-06T15:45:59+00:00] INFO: directory[/opt/gitlab/sv/sidekiq/log] group changed to 0
[2023-02-06T15:45:59+00:00] INFO: directory[/opt/gitlab/sv/sidekiq/log] mode changed to 755
[2023-02-06T15:45:59+00:00] INFO: directory[/opt/gitlab/sv/sidekiq/log/main] created directory /opt/gitlab/sv/sidekiq/log/main
[2023-02-06T15:45:59+00:00] INFO: directory[/opt/gitlab/sv/sidekiq/log/main] owner changed to 0
[2023-02-06T15:45:59+00:00] INFO: directory[/opt/gitlab/sv/sidekiq/log/main] group changed to 0
[2023-02-06T15:45:59+00:00] INFO: directory[/opt/gitlab/sv/sidekiq/log/main] mode changed to 755
[2023-02-06T15:45:59+00:00] INFO: template[/opt/gitlab/sv/sidekiq/log/config] created file /opt/gitlab/sv/sidekiq/log/config
[2023-02-06T15:45:59+00:00] INFO: template[/opt/gitlab/sv/sidekiq/log/config] updated file contents /opt/gitlab/sv/sidekiq/log/config
[2023-02-06T15:45:59+00:00] INFO: template[/opt/gitlab/sv/sidekiq/log/config] owner changed to 0
[2023-02-06T15:45:59+00:00] INFO: template[/opt/gitlab/sv/sidekiq/log/config] group changed to 0
[2023-02-06T15:45:59+00:00] INFO: template[/opt/gitlab/sv/sidekiq/log/config] mode changed to 644
[2023-02-06T15:45:59+00:00] INFO: template[/opt/gitlab/sv/sidekiq/log/config] sending create action to ruby_block[verify_chown_persisted_on_sidekiq] (immediate)
[2023-02-06T15:45:59+00:00] INFO: ruby_block[verify_chown_persisted_on_sidekiq] called
[2023-02-06T15:45:59+00:00] INFO: template[/opt/gitlab/sv/sidekiq/log/run] created file /opt/gitlab/sv/sidekiq/log/run
[2023-02-06T15:45:59+00:00] INFO: template[/opt/gitlab/sv/sidekiq/log/run] updated file contents /opt/gitlab/sv/sidekiq/log/run
[2023-02-06T15:45:59+00:00] INFO: template[/opt/gitlab/sv/sidekiq/log/run] owner changed to 0
[2023-02-06T15:45:59+00:00] INFO: template[/opt/gitlab/sv/sidekiq/log/run] group changed to 0
[2023-02-06T15:45:59+00:00] INFO: template[/opt/gitlab/sv/sidekiq/log/run] mode changed to 755
[2023-02-06T15:45:59+00:00] INFO: directory[/opt/gitlab/sv/sidekiq/env] created directory /opt/gitlab/sv/sidekiq/env
[2023-02-06T15:45:59+00:00] INFO: directory[/opt/gitlab/sv/sidekiq/env] owner changed to 0
[2023-02-06T15:45:59+00:00] INFO: directory[/opt/gitlab/sv/sidekiq/env] group changed to 0
[2023-02-06T15:45:59+00:00] INFO: directory[/opt/gitlab/sv/sidekiq/env] mode changed to 755
[2023-02-06T15:45:59+00:00] INFO: directory[/opt/gitlab/sv/sidekiq/control] created directory /opt/gitlab/sv/sidekiq/control
[2023-02-06T15:45:59+00:00] INFO: directory[/opt/gitlab/sv/sidekiq/control] owner changed to 0
[2023-02-06T15:45:59+00:00] INFO: directory[/opt/gitlab/sv/sidekiq/control] group changed to 0
[2023-02-06T15:45:59+00:00] INFO: directory[/opt/gitlab/sv/sidekiq/control] mode changed to 755
[2023-02-06T15:45:59+00:00] INFO: link[/opt/gitlab/init/sidekiq] created
[2023-02-06T15:45:59+00:00] INFO: template[/opt/gitlab/sv/sidekiq/run] sending run action to ruby_block[restart_service] (delayed)
[2023-02-06T15:45:59+00:00] INFO: template[/opt/gitlab/sv/sidekiq/log/config] sending create action to ruby_block[reload_log_service] (delayed)
[2023-02-06T15:45:59+00:00] INFO: link[/opt/gitlab/service/sidekiq] created
[2023-02-06T15:46:03+00:00] INFO: ruby_block[wait for sidekiq service socket] called
[2023-02-06T15:46:03+00:00] INFO: ruby_block[reload_log_service] called
[2023-02-06T15:46:03+00:00] INFO: template[/opt/gitlab/sv/sidekiq/log/run] sending run action to ruby_block[restart_log_service] (delayed)
[2023-02-06T15:46:05+00:00] INFO: ruby_block[restart_log_service] called
[2023-02-06T15:46:05+00:00] INFO: directory[/opt/gitlab/etc/gitlab-workhorse] created directory /opt/gitlab/etc/gitlab-workhorse
[2023-02-06T15:46:05+00:00] INFO: directory[/opt/gitlab/etc/gitlab-workhorse] owner changed to 998
[2023-02-06T15:46:05+00:00] INFO: directory[/opt/gitlab/etc/gitlab-workhorse] mode changed to 700
[2023-02-06T15:46:05+00:00] INFO: directory[/opt/gitlab/etc/gitlab-workhorse/env] created directory /opt/gitlab/etc/gitlab-workhorse/env
[2023-02-06T15:46:05+00:00] INFO: file[/opt/gitlab/etc/gitlab-workhorse/env/PATH] created file /opt/gitlab/etc/gitlab-workhorse/env/PATH
[2023-02-06T15:46:05+00:00] INFO: file[/opt/gitlab/etc/gitlab-workhorse/env/PATH] updated file contents /opt/gitlab/etc/gitlab-workhorse/env/PATH
[2023-02-06T15:46:05+00:00] INFO: file[/opt/gitlab/etc/gitlab-workhorse/env/HOME] created file /opt/gitlab/etc/gitlab-workhorse/env/HOME
[2023-02-06T15:46:05+00:00] INFO: file[/opt/gitlab/etc/gitlab-workhorse/env/HOME] updated file contents /opt/gitlab/etc/gitlab-workhorse/env/HOME
[2023-02-06T15:46:05+00:00] INFO: file[/opt/gitlab/etc/gitlab-workhorse/env/SSL_CERT_DIR] created file /opt/gitlab/etc/gitlab-workhorse/env/SSL_CERT_DIR
[2023-02-06T15:46:05+00:00] INFO: file[/opt/gitlab/etc/gitlab-workhorse/env/SSL_CERT_DIR] updated file contents /opt/gitlab/etc/gitlab-workhorse/env/SSL_CERT_DIR
[2023-02-06T15:46:05+00:00] INFO: directory[/opt/gitlab/sv/gitlab-workhorse] created directory /opt/gitlab/sv/gitlab-workhorse
[2023-02-06T15:46:05+00:00] INFO: directory[/opt/gitlab/sv/gitlab-workhorse] owner changed to 0
[2023-02-06T15:46:05+00:00] INFO: directory[/opt/gitlab/sv/gitlab-workhorse] group changed to 0
[2023-02-06T15:46:05+00:00] INFO: directory[/opt/gitlab/sv/gitlab-workhorse] mode changed to 755
[2023-02-06T15:46:05+00:00] INFO: template[/opt/gitlab/sv/gitlab-workhorse/run] created file /opt/gitlab/sv/gitlab-workhorse/run
[2023-02-06T15:46:05+00:00] INFO: template[/opt/gitlab/sv/gitlab-workhorse/run] updated file contents /opt/gitlab/sv/gitlab-workhorse/run
[2023-02-06T15:46:05+00:00] INFO: template[/opt/gitlab/sv/gitlab-workhorse/run] owner changed to 0
[2023-02-06T15:46:05+00:00] INFO: template[/opt/gitlab/sv/gitlab-workhorse/run] group changed to 0
[2023-02-06T15:46:05+00:00] INFO: template[/opt/gitlab/sv/gitlab-workhorse/run] mode changed to 755
[2023-02-06T15:46:05+00:00] INFO: directory[/opt/gitlab/sv/gitlab-workhorse/log] created directory /opt/gitlab/sv/gitlab-workhorse/log
[2023-02-06T15:46:05+00:00] INFO: directory[/opt/gitlab/sv/gitlab-workhorse/log] owner changed to 0
[2023-02-06T15:46:05+00:00] INFO: directory[/opt/gitlab/sv/gitlab-workhorse/log] group changed to 0
[2023-02-06T15:46:05+00:00] INFO: directory[/opt/gitlab/sv/gitlab-workhorse/log] mode changed to 755
[2023-02-06T15:46:05+00:00] INFO: directory[/opt/gitlab/sv/gitlab-workhorse/log/main] created directory /opt/gitlab/sv/gitlab-workhorse/log/main
[2023-02-06T15:46:05+00:00] INFO: directory[/opt/gitlab/sv/gitlab-workhorse/log/main] owner changed to 0
[2023-02-06T15:46:05+00:00] INFO: directory[/opt/gitlab/sv/gitlab-workhorse/log/main] group changed to 0
[2023-02-06T15:46:05+00:00] INFO: directory[/opt/gitlab/sv/gitlab-workhorse/log/main] mode changed to 755
[2023-02-06T15:46:05+00:00] INFO: template[/opt/gitlab/sv/gitlab-workhorse/log/config] created file /opt/gitlab/sv/gitlab-workhorse/log/config
[2023-02-06T15:46:05+00:00] INFO: template[/opt/gitlab/sv/gitlab-workhorse/log/config] updated file contents /opt/gitlab/sv/gitlab-workhorse/log/config
[2023-02-06T15:46:05+00:00] INFO: template[/opt/gitlab/sv/gitlab-workhorse/log/config] owner changed to 0
[2023-02-06T15:46:05+00:00] INFO: template[/opt/gitlab/sv/gitlab-workhorse/log/config] group changed to 0
[2023-02-06T15:46:05+00:00] INFO: template[/opt/gitlab/sv/gitlab-workhorse/log/config] mode changed to 644
[2023-02-06T15:46:05+00:00] INFO: template[/opt/gitlab/sv/gitlab-workhorse/log/config] sending create action to ruby_block[verify_chown_persisted_on_gitlab-workhorse] (immediate)
[2023-02-06T15:46:05+00:00] INFO: ruby_block[verify_chown_persisted_on_gitlab-workhorse] called
[2023-02-06T15:46:05+00:00] INFO: template[/opt/gitlab/sv/gitlab-workhorse/log/run] created file /opt/gitlab/sv/gitlab-workhorse/log/run
[2023-02-06T15:46:05+00:00] INFO: template[/opt/gitlab/sv/gitlab-workhorse/log/run] updated file contents /opt/gitlab/sv/gitlab-workhorse/log/run
[2023-02-06T15:46:05+00:00] INFO: template[/opt/gitlab/sv/gitlab-workhorse/log/run] owner changed to 0
[2023-02-06T15:46:05+00:00] INFO: template[/opt/gitlab/sv/gitlab-workhorse/log/run] group changed to 0
[2023-02-06T15:46:05+00:00] INFO: template[/opt/gitlab/sv/gitlab-workhorse/log/run] mode changed to 755
[2023-02-06T15:46:05+00:00] INFO: directory[/opt/gitlab/sv/gitlab-workhorse/env] created directory /opt/gitlab/sv/gitlab-workhorse/env
[2023-02-06T15:46:05+00:00] INFO: directory[/opt/gitlab/sv/gitlab-workhorse/env] owner changed to 0
[2023-02-06T15:46:05+00:00] INFO: directory[/opt/gitlab/sv/gitlab-workhorse/env] group changed to 0
[2023-02-06T15:46:05+00:00] INFO: directory[/opt/gitlab/sv/gitlab-workhorse/env] mode changed to 755
[2023-02-06T15:46:05+00:00] INFO: directory[/opt/gitlab/sv/gitlab-workhorse/control] created directory /opt/gitlab/sv/gitlab-workhorse/control
[2023-02-06T15:46:05+00:00] INFO: directory[/opt/gitlab/sv/gitlab-workhorse/control] owner changed to 0
[2023-02-06T15:46:05+00:00] INFO: directory[/opt/gitlab/sv/gitlab-workhorse/control] group changed to 0
[2023-02-06T15:46:05+00:00] INFO: directory[/opt/gitlab/sv/gitlab-workhorse/control] mode changed to 755
[2023-02-06T15:46:05+00:00] INFO: link[/opt/gitlab/init/gitlab-workhorse] created
[2023-02-06T15:46:05+00:00] INFO: template[/opt/gitlab/sv/gitlab-workhorse/run] sending run action to ruby_block[restart_service] (delayed)
[2023-02-06T15:46:05+00:00] INFO: template[/opt/gitlab/sv/gitlab-workhorse/log/config] sending create action to ruby_block[reload_log_service] (delayed)
[2023-02-06T15:46:05+00:00] INFO: link[/opt/gitlab/service/gitlab-workhorse] created
[2023-02-06T15:46:10+00:00] INFO: ruby_block[wait for gitlab-workhorse service socket] called
[2023-02-06T15:46:11+00:00] INFO: ruby_block[reload_log_service] called
[2023-02-06T15:46:11+00:00] INFO: template[/opt/gitlab/sv/gitlab-workhorse/log/run] sending run action to ruby_block[restart_log_service] (delayed)
[2023-02-06T15:46:12+00:00] INFO: ruby_block[restart_log_service] called
[2023-02-06T15:46:13+00:00] INFO: file[/var/opt/gitlab/gitlab-workhorse/VERSION] backed up to /opt/gitlab/embedded/cookbooks/cache/backup/var/opt/gitlab/gitlab-workhorse/VERSION.chef-20230206154613.016341
[2023-02-06T15:46:13+00:00] INFO: file[/var/opt/gitlab/gitlab-workhorse/VERSION] updated file contents /var/opt/gitlab/gitlab-workhorse/VERSION
[2023-02-06T15:46:13+00:00] INFO: version_file[Create version file for Workhorse] not queuing delayed action restart on runit_service[gitlab-workhorse] (delayed), as it's already been queued
[2023-02-06T15:46:13+00:00] INFO: directory[/opt/gitlab/sv/nginx] created directory /opt/gitlab/sv/nginx
[2023-02-06T15:46:13+00:00] INFO: directory[/opt/gitlab/sv/nginx] owner changed to 0
[2023-02-06T15:46:13+00:00] INFO: directory[/opt/gitlab/sv/nginx] group changed to 0
[2023-02-06T15:46:13+00:00] INFO: directory[/opt/gitlab/sv/nginx] mode changed to 755
[2023-02-06T15:46:13+00:00] INFO: template[/opt/gitlab/sv/nginx/run] created file /opt/gitlab/sv/nginx/run
[2023-02-06T15:46:13+00:00] INFO: template[/opt/gitlab/sv/nginx/run] updated file contents /opt/gitlab/sv/nginx/run
[2023-02-06T15:46:13+00:00] INFO: template[/opt/gitlab/sv/nginx/run] owner changed to 0
[2023-02-06T15:46:13+00:00] INFO: template[/opt/gitlab/sv/nginx/run] group changed to 0
[2023-02-06T15:46:13+00:00] INFO: template[/opt/gitlab/sv/nginx/run] mode changed to 755
[2023-02-06T15:46:13+00:00] INFO: directory[/opt/gitlab/sv/nginx/log] created directory /opt/gitlab/sv/nginx/log
[2023-02-06T15:46:13+00:00] INFO: directory[/opt/gitlab/sv/nginx/log] owner changed to 0
[2023-02-06T15:46:13+00:00] INFO: directory[/opt/gitlab/sv/nginx/log] group changed to 0
[2023-02-06T15:46:13+00:00] INFO: directory[/opt/gitlab/sv/nginx/log] mode changed to 755
[2023-02-06T15:46:13+00:00] INFO: directory[/opt/gitlab/sv/nginx/log/main] created directory /opt/gitlab/sv/nginx/log/main
[2023-02-06T15:46:13+00:00] INFO: directory[/opt/gitlab/sv/nginx/log/main] owner changed to 0
[2023-02-06T15:46:13+00:00] INFO: directory[/opt/gitlab/sv/nginx/log/main] group changed to 0
[2023-02-06T15:46:13+00:00] INFO: directory[/opt/gitlab/sv/nginx/log/main] mode changed to 755
[2023-02-06T15:46:13+00:00] INFO: template[/opt/gitlab/sv/nginx/log/config] created file /opt/gitlab/sv/nginx/log/config
[2023-02-06T15:46:13+00:00] INFO: template[/opt/gitlab/sv/nginx/log/config] updated file contents /opt/gitlab/sv/nginx/log/config
[2023-02-06T15:46:13+00:00] INFO: template[/opt/gitlab/sv/nginx/log/config] owner changed to 0
[2023-02-06T15:46:13+00:00] INFO: template[/opt/gitlab/sv/nginx/log/config] group changed to 0
[2023-02-06T15:46:13+00:00] INFO: template[/opt/gitlab/sv/nginx/log/config] mode changed to 644
[2023-02-06T15:46:13+00:00] INFO: template[/opt/gitlab/sv/nginx/log/config] sending create action to ruby_block[verify_chown_persisted_on_nginx] (immediate)
[2023-02-06T15:46:13+00:00] INFO: ruby_block[verify_chown_persisted_on_nginx] called
[2023-02-06T15:46:13+00:00] INFO: template[/opt/gitlab/sv/nginx/log/run] created file /opt/gitlab/sv/nginx/log/run
[2023-02-06T15:46:13+00:00] INFO: template[/opt/gitlab/sv/nginx/log/run] updated file contents /opt/gitlab/sv/nginx/log/run
[2023-02-06T15:46:13+00:00] INFO: template[/opt/gitlab/sv/nginx/log/run] owner changed to 0
[2023-02-06T15:46:13+00:00] INFO: template[/opt/gitlab/sv/nginx/log/run] group changed to 0
[2023-02-06T15:46:13+00:00] INFO: template[/opt/gitlab/sv/nginx/log/run] mode changed to 755
[2023-02-06T15:46:13+00:00] INFO: directory[/opt/gitlab/sv/nginx/env] created directory /opt/gitlab/sv/nginx/env
[2023-02-06T15:46:13+00:00] INFO: directory[/opt/gitlab/sv/nginx/env] owner changed to 0
[2023-02-06T15:46:13+00:00] INFO: directory[/opt/gitlab/sv/nginx/env] group changed to 0
[2023-02-06T15:46:13+00:00] INFO: directory[/opt/gitlab/sv/nginx/env] mode changed to 755
[2023-02-06T15:46:13+00:00] INFO: directory[/opt/gitlab/sv/nginx/control] created directory /opt/gitlab/sv/nginx/control
[2023-02-06T15:46:13+00:00] INFO: directory[/opt/gitlab/sv/nginx/control] owner changed to 0
[2023-02-06T15:46:13+00:00] INFO: directory[/opt/gitlab/sv/nginx/control] group changed to 0
[2023-02-06T15:46:13+00:00] INFO: directory[/opt/gitlab/sv/nginx/control] mode changed to 755
[2023-02-06T15:46:13+00:00] INFO: link[/opt/gitlab/init/nginx] created
[2023-02-06T15:46:13+00:00] INFO: template[/opt/gitlab/sv/nginx/run] sending run action to ruby_block[restart_service] (delayed)
[2023-02-06T15:46:13+00:00] INFO: template[/opt/gitlab/sv/nginx/log/config] sending create action to ruby_block[reload_log_service] (delayed)
[2023-02-06T15:46:13+00:00] INFO: link[/opt/gitlab/service/nginx] created
[2023-02-06T15:46:16+00:00] INFO: ruby_block[wait for nginx service socket] called
[2023-02-06T15:46:17+00:00] INFO: ruby_block[reload_log_service] called
[2023-02-06T15:46:17+00:00] INFO: template[/opt/gitlab/sv/nginx/log/run] sending run action to ruby_block[restart_log_service] (delayed)
[2023-02-06T15:46:17+00:00] INFO: ruby_block[restart_log_service] called
[2023-02-06T15:46:17+00:00] INFO: template[/opt/gitlab/etc/gitlab-healthcheck-rc] created file /opt/gitlab/etc/gitlab-healthcheck-rc
[2023-02-06T15:46:17+00:00] INFO: template[/opt/gitlab/etc/gitlab-healthcheck-rc] updated file contents /opt/gitlab/etc/gitlab-healthcheck-rc
[2023-02-06T15:46:17+00:00] INFO: template[/opt/gitlab/etc/gitlab-healthcheck-rc] owner changed to 0
[2023-02-06T15:46:17+00:00] INFO: template[/opt/gitlab/etc/gitlab-healthcheck-rc] group changed to 0
[2023-02-06T15:46:17+00:00] INFO: directory[/opt/gitlab/etc/gitlab-exporter/env] created directory /opt/gitlab/etc/gitlab-exporter/env
[2023-02-06T15:46:17+00:00] INFO: file[/opt/gitlab/etc/gitlab-exporter/env/MALLOC_CONF] created file /opt/gitlab/etc/gitlab-exporter/env/MALLOC_CONF
[2023-02-06T15:46:17+00:00] INFO: file[/opt/gitlab/etc/gitlab-exporter/env/MALLOC_CONF] updated file contents /opt/gitlab/etc/gitlab-exporter/env/MALLOC_CONF
[2023-02-06T15:46:17+00:00] INFO: file[/opt/gitlab/etc/gitlab-exporter/env/RUBY_GC_HEAP_INIT_SLOTS] created file /opt/gitlab/etc/gitlab-exporter/env/RUBY_GC_HEAP_INIT_SLOTS
[2023-02-06T15:46:17+00:00] INFO: file[/opt/gitlab/etc/gitlab-exporter/env/RUBY_GC_HEAP_INIT_SLOTS] updated file contents /opt/gitlab/etc/gitlab-exporter/env/RUBY_GC_HEAP_INIT_SLOTS
[2023-02-06T15:46:17+00:00] INFO: file[/opt/gitlab/etc/gitlab-exporter/env/RUBY_GC_HEAP_FREE_SLOTS_MIN_RATIO] created file /opt/gitlab/etc/gitlab-exporter/env/RUBY_GC_HEAP_FREE_SLOTS_MIN_RATIO
[2023-02-06T15:46:17+00:00] INFO: file[/opt/gitlab/etc/gitlab-exporter/env/RUBY_GC_HEAP_FREE_SLOTS_MIN_RATIO] updated file contents /opt/gitlab/etc/gitlab-exporter/env/RUBY_GC_HEAP_FREE_SLOTS_MIN_RATIO
[2023-02-06T15:46:17+00:00] INFO: file[/opt/gitlab/etc/gitlab-exporter/env/RUBY_GC_HEAP_FREE_SLOTS_MAX_RATIO] created file /opt/gitlab/etc/gitlab-exporter/env/RUBY_GC_HEAP_FREE_SLOTS_MAX_RATIO
[2023-02-06T15:46:17+00:00] INFO: file[/opt/gitlab/etc/gitlab-exporter/env/RUBY_GC_HEAP_FREE_SLOTS_MAX_RATIO] updated file contents /opt/gitlab/etc/gitlab-exporter/env/RUBY_GC_HEAP_FREE_SLOTS_MAX_RATIO
[2023-02-06T15:46:17+00:00] INFO: file[/opt/gitlab/etc/gitlab-exporter/env/SSL_CERT_DIR] created file /opt/gitlab/etc/gitlab-exporter/env/SSL_CERT_DIR
[2023-02-06T15:46:17+00:00] INFO: file[/opt/gitlab/etc/gitlab-exporter/env/SSL_CERT_DIR] updated file contents /opt/gitlab/etc/gitlab-exporter/env/SSL_CERT_DIR
[2023-02-06T15:46:17+00:00] INFO: file[/opt/gitlab/etc/gitlab-exporter/env/SSL_CERT_FILE] created file /opt/gitlab/etc/gitlab-exporter/env/SSL_CERT_FILE
[2023-02-06T15:46:17+00:00] INFO: file[/opt/gitlab/etc/gitlab-exporter/env/SSL_CERT_FILE] updated file contents /opt/gitlab/etc/gitlab-exporter/env/SSL_CERT_FILE
[2023-02-06T15:46:17+00:00] INFO: file[/var/opt/gitlab/gitlab-exporter/RUBY_VERSION] backed up to /opt/gitlab/embedded/cookbooks/cache/backup/var/opt/gitlab/gitlab-exporter/RUBY_VERSION.chef-20230206154617.848824
[2023-02-06T15:46:17+00:00] INFO: file[/var/opt/gitlab/gitlab-exporter/RUBY_VERSION] updated file contents /var/opt/gitlab/gitlab-exporter/RUBY_VERSION
[2023-02-06T15:46:17+00:00] INFO: version_file[Create version file for GitLab-Exporter] not queuing delayed action restart on runit_service[gitlab-exporter] (delayed), as it's already been queued
[2023-02-06T15:46:17+00:00] INFO: directory[/opt/gitlab/sv/gitlab-exporter] created directory /opt/gitlab/sv/gitlab-exporter
[2023-02-06T15:46:17+00:00] INFO: directory[/opt/gitlab/sv/gitlab-exporter] owner changed to 0
[2023-02-06T15:46:17+00:00] INFO: directory[/opt/gitlab/sv/gitlab-exporter] group changed to 0
[2023-02-06T15:46:17+00:00] INFO: directory[/opt/gitlab/sv/gitlab-exporter] mode changed to 755
[2023-02-06T15:46:17+00:00] INFO: template[/opt/gitlab/sv/gitlab-exporter/run] created file /opt/gitlab/sv/gitlab-exporter/run
[2023-02-06T15:46:17+00:00] INFO: template[/opt/gitlab/sv/gitlab-exporter/run] updated file contents /opt/gitlab/sv/gitlab-exporter/run
[2023-02-06T15:46:17+00:00] INFO: template[/opt/gitlab/sv/gitlab-exporter/run] owner changed to 0
[2023-02-06T15:46:17+00:00] INFO: template[/opt/gitlab/sv/gitlab-exporter/run] group changed to 0
[2023-02-06T15:46:17+00:00] INFO: template[/opt/gitlab/sv/gitlab-exporter/run] mode changed to 755
[2023-02-06T15:46:17+00:00] INFO: directory[/opt/gitlab/sv/gitlab-exporter/log] created directory /opt/gitlab/sv/gitlab-exporter/log
[2023-02-06T15:46:17+00:00] INFO: directory[/opt/gitlab/sv/gitlab-exporter/log] owner changed to 0
[2023-02-06T15:46:17+00:00] INFO: directory[/opt/gitlab/sv/gitlab-exporter/log] group changed to 0
[2023-02-06T15:46:17+00:00] INFO: directory[/opt/gitlab/sv/gitlab-exporter/log] mode changed to 755
[2023-02-06T15:46:17+00:00] INFO: directory[/opt/gitlab/sv/gitlab-exporter/log/main] created directory /opt/gitlab/sv/gitlab-exporter/log/main
[2023-02-06T15:46:17+00:00] INFO: directory[/opt/gitlab/sv/gitlab-exporter/log/main] owner changed to 0
[2023-02-06T15:46:17+00:00] INFO: directory[/opt/gitlab/sv/gitlab-exporter/log/main] group changed to 0
[2023-02-06T15:46:17+00:00] INFO: directory[/opt/gitlab/sv/gitlab-exporter/log/main] mode changed to 755
[2023-02-06T15:46:17+00:00] INFO: template[/opt/gitlab/sv/gitlab-exporter/log/config] created file /opt/gitlab/sv/gitlab-exporter/log/config
[2023-02-06T15:46:17+00:00] INFO: template[/opt/gitlab/sv/gitlab-exporter/log/config] updated file contents /opt/gitlab/sv/gitlab-exporter/log/config
[2023-02-06T15:46:17+00:00] INFO: template[/opt/gitlab/sv/gitlab-exporter/log/config] owner changed to 0
[2023-02-06T15:46:17+00:00] INFO: template[/opt/gitlab/sv/gitlab-exporter/log/config] group changed to 0
[2023-02-06T15:46:17+00:00] INFO: template[/opt/gitlab/sv/gitlab-exporter/log/config] mode changed to 644
[2023-02-06T15:46:17+00:00] INFO: template[/opt/gitlab/sv/gitlab-exporter/log/config] sending create action to ruby_block[verify_chown_persisted_on_gitlab-exporter] (immediate)
[2023-02-06T15:46:17+00:00] INFO: ruby_block[verify_chown_persisted_on_gitlab-exporter] called
[2023-02-06T15:46:17+00:00] INFO: template[/opt/gitlab/sv/gitlab-exporter/log/run] created file /opt/gitlab/sv/gitlab-exporter/log/run
[2023-02-06T15:46:17+00:00] INFO: template[/opt/gitlab/sv/gitlab-exporter/log/run] updated file contents /opt/gitlab/sv/gitlab-exporter/log/run
[2023-02-06T15:46:17+00:00] INFO: template[/opt/gitlab/sv/gitlab-exporter/log/run] owner changed to 0
[2023-02-06T15:46:17+00:00] INFO: template[/opt/gitlab/sv/gitlab-exporter/log/run] group changed to 0
[2023-02-06T15:46:17+00:00] INFO: template[/opt/gitlab/sv/gitlab-exporter/log/run] mode changed to 755
[2023-02-06T15:46:17+00:00] INFO: directory[/opt/gitlab/sv/gitlab-exporter/env] created directory /opt/gitlab/sv/gitlab-exporter/env
[2023-02-06T15:46:17+00:00] INFO: directory[/opt/gitlab/sv/gitlab-exporter/env] owner changed to 0
[2023-02-06T15:46:17+00:00] INFO: directory[/opt/gitlab/sv/gitlab-exporter/env] group changed to 0
[2023-02-06T15:46:17+00:00] INFO: directory[/opt/gitlab/sv/gitlab-exporter/env] mode changed to 755
[2023-02-06T15:46:17+00:00] INFO: directory[/opt/gitlab/sv/gitlab-exporter/control] created directory /opt/gitlab/sv/gitlab-exporter/control
[2023-02-06T15:46:17+00:00] INFO: directory[/opt/gitlab/sv/gitlab-exporter/control] owner changed to 0
[2023-02-06T15:46:17+00:00] INFO: directory[/opt/gitlab/sv/gitlab-exporter/control] group changed to 0
[2023-02-06T15:46:17+00:00] INFO: directory[/opt/gitlab/sv/gitlab-exporter/control] mode changed to 755
[2023-02-06T15:46:17+00:00] INFO: link[/opt/gitlab/init/gitlab-exporter] created
[2023-02-06T15:46:17+00:00] INFO: template[/opt/gitlab/sv/gitlab-exporter/run] sending run action to ruby_block[restart_service] (delayed)
[2023-02-06T15:46:17+00:00] INFO: template[/opt/gitlab/sv/gitlab-exporter/log/config] sending create action to ruby_block[reload_log_service] (delayed)
[2023-02-06T15:46:17+00:00] INFO: link[/opt/gitlab/service/gitlab-exporter] created
[2023-02-06T15:46:21+00:00] INFO: ruby_block[wait for gitlab-exporter service socket] called
[2023-02-06T15:46:23+00:00] INFO: ruby_block[reload_log_service] called
[2023-02-06T15:46:23+00:00] INFO: template[/opt/gitlab/sv/gitlab-exporter/log/run] sending run action to ruby_block[restart_log_service] (delayed)
[2023-02-06T15:46:23+00:00] INFO: ruby_block[restart_log_service] called
[2023-02-06T15:46:23+00:00] INFO: directory[/opt/gitlab/etc/redis-exporter/env] created directory /opt/gitlab/etc/redis-exporter/env
[2023-02-06T15:46:23+00:00] INFO: directory[/opt/gitlab/etc/redis-exporter/env] owner changed to 997
[2023-02-06T15:46:23+00:00] INFO: directory[/opt/gitlab/etc/redis-exporter/env] mode changed to 700
[2023-02-06T15:46:23+00:00] INFO: file[/opt/gitlab/etc/redis-exporter/env/SSL_CERT_DIR] created file /opt/gitlab/etc/redis-exporter/env/SSL_CERT_DIR
[2023-02-06T15:46:23+00:00] INFO: file[/opt/gitlab/etc/redis-exporter/env/SSL_CERT_DIR] updated file contents /opt/gitlab/etc/redis-exporter/env/SSL_CERT_DIR
[2023-02-06T15:46:23+00:00] INFO: directory[/opt/gitlab/sv/redis-exporter] created directory /opt/gitlab/sv/redis-exporter
[2023-02-06T15:46:23+00:00] INFO: directory[/opt/gitlab/sv/redis-exporter] owner changed to 0
[2023-02-06T15:46:23+00:00] INFO: directory[/opt/gitlab/sv/redis-exporter] group changed to 0
[2023-02-06T15:46:23+00:00] INFO: directory[/opt/gitlab/sv/redis-exporter] mode changed to 755
[2023-02-06T15:46:23+00:00] INFO: template[/opt/gitlab/sv/redis-exporter/run] created file /opt/gitlab/sv/redis-exporter/run
[2023-02-06T15:46:23+00:00] INFO: template[/opt/gitlab/sv/redis-exporter/run] updated file contents /opt/gitlab/sv/redis-exporter/run
[2023-02-06T15:46:23+00:00] INFO: template[/opt/gitlab/sv/redis-exporter/run] owner changed to 0
[2023-02-06T15:46:23+00:00] INFO: template[/opt/gitlab/sv/redis-exporter/run] group changed to 0
[2023-02-06T15:46:23+00:00] INFO: template[/opt/gitlab/sv/redis-exporter/run] mode changed to 755
[2023-02-06T15:46:23+00:00] INFO: directory[/opt/gitlab/sv/redis-exporter/log] created directory /opt/gitlab/sv/redis-exporter/log
[2023-02-06T15:46:23+00:00] INFO: directory[/opt/gitlab/sv/redis-exporter/log] owner changed to 0
[2023-02-06T15:46:23+00:00] INFO: directory[/opt/gitlab/sv/redis-exporter/log] group changed to 0
[2023-02-06T15:46:23+00:00] INFO: directory[/opt/gitlab/sv/redis-exporter/log] mode changed to 755
[2023-02-06T15:46:23+00:00] INFO: directory[/opt/gitlab/sv/redis-exporter/log/main] created directory /opt/gitlab/sv/redis-exporter/log/main
[2023-02-06T15:46:23+00:00] INFO: directory[/opt/gitlab/sv/redis-exporter/log/main] owner changed to 0
[2023-02-06T15:46:23+00:00] INFO: directory[/opt/gitlab/sv/redis-exporter/log/main] group changed to 0
[2023-02-06T15:46:23+00:00] INFO: directory[/opt/gitlab/sv/redis-exporter/log/main] mode changed to 755
[2023-02-06T15:46:23+00:00] INFO: template[/opt/gitlab/sv/redis-exporter/log/config] created file /opt/gitlab/sv/redis-exporter/log/config
[2023-02-06T15:46:23+00:00] INFO: template[/opt/gitlab/sv/redis-exporter/log/config] updated file contents /opt/gitlab/sv/redis-exporter/log/config
[2023-02-06T15:46:23+00:00] INFO: template[/opt/gitlab/sv/redis-exporter/log/config] owner changed to 0
[2023-02-06T15:46:23+00:00] INFO: template[/opt/gitlab/sv/redis-exporter/log/config] group changed to 0
[2023-02-06T15:46:23+00:00] INFO: template[/opt/gitlab/sv/redis-exporter/log/config] mode changed to 644
[2023-02-06T15:46:23+00:00] INFO: template[/opt/gitlab/sv/redis-exporter/log/config] sending create action to ruby_block[verify_chown_persisted_on_redis-exporter] (immediate)
[2023-02-06T15:46:23+00:00] INFO: ruby_block[verify_chown_persisted_on_redis-exporter] called
[2023-02-06T15:46:23+00:00] INFO: template[/opt/gitlab/sv/redis-exporter/log/run] created file /opt/gitlab/sv/redis-exporter/log/run
[2023-02-06T15:46:23+00:00] INFO: template[/opt/gitlab/sv/redis-exporter/log/run] updated file contents /opt/gitlab/sv/redis-exporter/log/run
[2023-02-06T15:46:23+00:00] INFO: template[/opt/gitlab/sv/redis-exporter/log/run] owner changed to 0
[2023-02-06T15:46:23+00:00] INFO: template[/opt/gitlab/sv/redis-exporter/log/run] group changed to 0
[2023-02-06T15:46:23+00:00] INFO: template[/opt/gitlab/sv/redis-exporter/log/run] mode changed to 755
[2023-02-06T15:46:23+00:00] INFO: directory[/opt/gitlab/sv/redis-exporter/env] created directory /opt/gitlab/sv/redis-exporter/env
[2023-02-06T15:46:23+00:00] INFO: directory[/opt/gitlab/sv/redis-exporter/env] owner changed to 0
[2023-02-06T15:46:23+00:00] INFO: directory[/opt/gitlab/sv/redis-exporter/env] group changed to 0
[2023-02-06T15:46:23+00:00] INFO: directory[/opt/gitlab/sv/redis-exporter/env] mode changed to 755
[2023-02-06T15:46:23+00:00] INFO: directory[/opt/gitlab/sv/redis-exporter/control] created directory /opt/gitlab/sv/redis-exporter/control
[2023-02-06T15:46:23+00:00] INFO: directory[/opt/gitlab/sv/redis-exporter/control] owner changed to 0
[2023-02-06T15:46:23+00:00] INFO: directory[/opt/gitlab/sv/redis-exporter/control] group changed to 0
[2023-02-06T15:46:23+00:00] INFO: directory[/opt/gitlab/sv/redis-exporter/control] mode changed to 755
[2023-02-06T15:46:23+00:00] INFO: link[/opt/gitlab/init/redis-exporter] created
[2023-02-06T15:46:23+00:00] INFO: template[/opt/gitlab/sv/redis-exporter/run] sending run action to ruby_block[restart_service] (delayed)
[2023-02-06T15:46:23+00:00] INFO: template[/opt/gitlab/sv/redis-exporter/log/config] sending create action to ruby_block[reload_log_service] (delayed)
[2023-02-06T15:46:23+00:00] INFO: link[/opt/gitlab/service/redis-exporter] created
[2023-02-06T15:46:28+00:00] INFO: ruby_block[wait for redis-exporter service socket] called
[2023-02-06T15:46:29+00:00] INFO: ruby_block[reload_log_service] called
[2023-02-06T15:46:29+00:00] INFO: template[/opt/gitlab/sv/redis-exporter/log/run] sending run action to ruby_block[restart_log_service] (delayed)
[2023-02-06T15:46:29+00:00] INFO: ruby_block[restart_log_service] called
[2023-02-06T15:46:29+00:00] INFO: directory[/opt/gitlab/etc/prometheus/env] created directory /opt/gitlab/etc/prometheus/env
[2023-02-06T15:46:29+00:00] INFO: directory[/opt/gitlab/etc/prometheus/env] owner changed to 992
[2023-02-06T15:46:29+00:00] INFO: directory[/opt/gitlab/etc/prometheus/env] mode changed to 700
[2023-02-06T15:46:29+00:00] INFO: file[/opt/gitlab/etc/prometheus/env/SSL_CERT_DIR] created file /opt/gitlab/etc/prometheus/env/SSL_CERT_DIR
[2023-02-06T15:46:29+00:00] INFO: file[/opt/gitlab/etc/prometheus/env/SSL_CERT_DIR] updated file contents /opt/gitlab/etc/prometheus/env/SSL_CERT_DIR
[2023-02-06T15:46:29+00:00] INFO: directory[/opt/gitlab/sv/prometheus] created directory /opt/gitlab/sv/prometheus
[2023-02-06T15:46:29+00:00] INFO: directory[/opt/gitlab/sv/prometheus] owner changed to 0
[2023-02-06T15:46:29+00:00] INFO: directory[/opt/gitlab/sv/prometheus] group changed to 0
[2023-02-06T15:46:29+00:00] INFO: directory[/opt/gitlab/sv/prometheus] mode changed to 755
[2023-02-06T15:46:29+00:00] INFO: template[/opt/gitlab/sv/prometheus/run] created file /opt/gitlab/sv/prometheus/run
[2023-02-06T15:46:29+00:00] INFO: template[/opt/gitlab/sv/prometheus/run] updated file contents /opt/gitlab/sv/prometheus/run
[2023-02-06T15:46:29+00:00] INFO: template[/opt/gitlab/sv/prometheus/run] owner changed to 0
[2023-02-06T15:46:29+00:00] INFO: template[/opt/gitlab/sv/prometheus/run] group changed to 0
[2023-02-06T15:46:29+00:00] INFO: template[/opt/gitlab/sv/prometheus/run] mode changed to 755
[2023-02-06T15:46:29+00:00] INFO: directory[/opt/gitlab/sv/prometheus/log] created directory /opt/gitlab/sv/prometheus/log
[2023-02-06T15:46:29+00:00] INFO: directory[/opt/gitlab/sv/prometheus/log] owner changed to 0
[2023-02-06T15:46:29+00:00] INFO: directory[/opt/gitlab/sv/prometheus/log] group changed to 0
[2023-02-06T15:46:29+00:00] INFO: directory[/opt/gitlab/sv/prometheus/log] mode changed to 755
[2023-02-06T15:46:29+00:00] INFO: directory[/opt/gitlab/sv/prometheus/log/main] created directory /opt/gitlab/sv/prometheus/log/main
[2023-02-06T15:46:29+00:00] INFO: directory[/opt/gitlab/sv/prometheus/log/main] owner changed to 0
[2023-02-06T15:46:29+00:00] INFO: directory[/opt/gitlab/sv/prometheus/log/main] group changed to 0
[2023-02-06T15:46:29+00:00] INFO: directory[/opt/gitlab/sv/prometheus/log/main] mode changed to 755
[2023-02-06T15:46:29+00:00] INFO: template[/opt/gitlab/sv/prometheus/log/config] created file /opt/gitlab/sv/prometheus/log/config
[2023-02-06T15:46:29+00:00] INFO: template[/opt/gitlab/sv/prometheus/log/config] updated file contents /opt/gitlab/sv/prometheus/log/config
[2023-02-06T15:46:29+00:00] INFO: template[/opt/gitlab/sv/prometheus/log/config] owner changed to 0
[2023-02-06T15:46:29+00:00] INFO: template[/opt/gitlab/sv/prometheus/log/config] group changed to 0
[2023-02-06T15:46:29+00:00] INFO: template[/opt/gitlab/sv/prometheus/log/config] mode changed to 644
[2023-02-06T15:46:29+00:00] INFO: template[/opt/gitlab/sv/prometheus/log/config] sending create action to ruby_block[verify_chown_persisted_on_prometheus] (immediate)
[2023-02-06T15:46:29+00:00] INFO: ruby_block[verify_chown_persisted_on_prometheus] called
[2023-02-06T15:46:29+00:00] INFO: template[/opt/gitlab/sv/prometheus/log/run] created file /opt/gitlab/sv/prometheus/log/run
[2023-02-06T15:46:29+00:00] INFO: template[/opt/gitlab/sv/prometheus/log/run] updated file contents /opt/gitlab/sv/prometheus/log/run
[2023-02-06T15:46:29+00:00] INFO: template[/opt/gitlab/sv/prometheus/log/run] owner changed to 0
[2023-02-06T15:46:29+00:00] INFO: template[/opt/gitlab/sv/prometheus/log/run] group changed to 0
[2023-02-06T15:46:29+00:00] INFO: template[/opt/gitlab/sv/prometheus/log/run] mode changed to 755
[2023-02-06T15:46:29+00:00] INFO: directory[/opt/gitlab/sv/prometheus/env] created directory /opt/gitlab/sv/prometheus/env
[2023-02-06T15:46:29+00:00] INFO: directory[/opt/gitlab/sv/prometheus/env] owner changed to 0
[2023-02-06T15:46:29+00:00] INFO: directory[/opt/gitlab/sv/prometheus/env] group changed to 0
[2023-02-06T15:46:29+00:00] INFO: directory[/opt/gitlab/sv/prometheus/env] mode changed to 755
[2023-02-06T15:46:29+00:00] INFO: directory[/opt/gitlab/sv/prometheus/control] created directory /opt/gitlab/sv/prometheus/control
[2023-02-06T15:46:29+00:00] INFO: directory[/opt/gitlab/sv/prometheus/control] owner changed to 0
[2023-02-06T15:46:29+00:00] INFO: directory[/opt/gitlab/sv/prometheus/control] group changed to 0
[2023-02-06T15:46:29+00:00] INFO: directory[/opt/gitlab/sv/prometheus/control] mode changed to 755
[2023-02-06T15:46:29+00:00] INFO: link[/opt/gitlab/init/prometheus] created
[2023-02-06T15:46:29+00:00] INFO: template[/opt/gitlab/sv/prometheus/run] sending run action to ruby_block[restart_service] (delayed)
[2023-02-06T15:46:29+00:00] INFO: template[/opt/gitlab/sv/prometheus/log/config] sending create action to ruby_block[reload_log_service] (delayed)
[2023-02-06T15:46:30+00:00] INFO: link[/opt/gitlab/service/prometheus] created
[2023-02-06T15:46:34+00:00] INFO: ruby_block[wait for prometheus service socket] called
[2023-02-06T15:46:35+00:00] INFO: ruby_block[reload_log_service] called
[2023-02-06T15:46:35+00:00] INFO: template[/opt/gitlab/sv/prometheus/log/run] sending run action to ruby_block[restart_log_service] (delayed)
[2023-02-06T15:46:36+00:00] INFO: ruby_block[restart_log_service] called
[2023-02-06T15:46:36+00:00] INFO: directory[/opt/gitlab/etc/alertmanager/env] created directory /opt/gitlab/etc/alertmanager/env
[2023-02-06T15:46:36+00:00] INFO: directory[/opt/gitlab/etc/alertmanager/env] owner changed to 992
[2023-02-06T15:46:36+00:00] INFO: directory[/opt/gitlab/etc/alertmanager/env] mode changed to 700
[2023-02-06T15:46:36+00:00] INFO: file[/opt/gitlab/etc/alertmanager/env/SSL_CERT_DIR] created file /opt/gitlab/etc/alertmanager/env/SSL_CERT_DIR
[2023-02-06T15:46:36+00:00] INFO: file[/opt/gitlab/etc/alertmanager/env/SSL_CERT_DIR] updated file contents /opt/gitlab/etc/alertmanager/env/SSL_CERT_DIR
[2023-02-06T15:46:36+00:00] INFO: directory[/opt/gitlab/sv/alertmanager] created directory /opt/gitlab/sv/alertmanager
[2023-02-06T15:46:36+00:00] INFO: directory[/opt/gitlab/sv/alertmanager] owner changed to 0
[2023-02-06T15:46:36+00:00] INFO: directory[/opt/gitlab/sv/alertmanager] group changed to 0
[2023-02-06T15:46:36+00:00] INFO: directory[/opt/gitlab/sv/alertmanager] mode changed to 755
[2023-02-06T15:46:36+00:00] INFO: template[/opt/gitlab/sv/alertmanager/run] created file /opt/gitlab/sv/alertmanager/run
[2023-02-06T15:46:36+00:00] INFO: template[/opt/gitlab/sv/alertmanager/run] updated file contents /opt/gitlab/sv/alertmanager/run
[2023-02-06T15:46:36+00:00] INFO: template[/opt/gitlab/sv/alertmanager/run] owner changed to 0
[2023-02-06T15:46:36+00:00] INFO: template[/opt/gitlab/sv/alertmanager/run] group changed to 0
[2023-02-06T15:46:36+00:00] INFO: template[/opt/gitlab/sv/alertmanager/run] mode changed to 755
[2023-02-06T15:46:36+00:00] INFO: directory[/opt/gitlab/sv/alertmanager/log] created directory /opt/gitlab/sv/alertmanager/log
[2023-02-06T15:46:36+00:00] INFO: directory[/opt/gitlab/sv/alertmanager/log] owner changed to 0
[2023-02-06T15:46:36+00:00] INFO: directory[/opt/gitlab/sv/alertmanager/log] group changed to 0
[2023-02-06T15:46:36+00:00] INFO: directory[/opt/gitlab/sv/alertmanager/log] mode changed to 755
[2023-02-06T15:46:36+00:00] INFO: directory[/opt/gitlab/sv/alertmanager/log/main] created directory /opt/gitlab/sv/alertmanager/log/main
[2023-02-06T15:46:36+00:00] INFO: directory[/opt/gitlab/sv/alertmanager/log/main] owner changed to 0
[2023-02-06T15:46:36+00:00] INFO: directory[/opt/gitlab/sv/alertmanager/log/main] group changed to 0
[2023-02-06T15:46:36+00:00] INFO: directory[/opt/gitlab/sv/alertmanager/log/main] mode changed to 755
[2023-02-06T15:46:36+00:00] INFO: template[/opt/gitlab/sv/alertmanager/log/config] created file /opt/gitlab/sv/alertmanager/log/config
[2023-02-06T15:46:36+00:00] INFO: template[/opt/gitlab/sv/alertmanager/log/config] updated file contents /opt/gitlab/sv/alertmanager/log/config
[2023-02-06T15:46:36+00:00] INFO: template[/opt/gitlab/sv/alertmanager/log/config] owner changed to 0
[2023-02-06T15:46:36+00:00] INFO: template[/opt/gitlab/sv/alertmanager/log/config] group changed to 0
[2023-02-06T15:46:36+00:00] INFO: template[/opt/gitlab/sv/alertmanager/log/config] mode changed to 644
[2023-02-06T15:46:36+00:00] INFO: template[/opt/gitlab/sv/alertmanager/log/config] sending create action to ruby_block[verify_chown_persisted_on_alertmanager] (immediate)
[2023-02-06T15:46:36+00:00] INFO: ruby_block[verify_chown_persisted_on_alertmanager] called
[2023-02-06T15:46:36+00:00] INFO: template[/opt/gitlab/sv/alertmanager/log/run] created file /opt/gitlab/sv/alertmanager/log/run
[2023-02-06T15:46:36+00:00] INFO: template[/opt/gitlab/sv/alertmanager/log/run] updated file contents /opt/gitlab/sv/alertmanager/log/run
[2023-02-06T15:46:36+00:00] INFO: template[/opt/gitlab/sv/alertmanager/log/run] owner changed to 0
[2023-02-06T15:46:36+00:00] INFO: template[/opt/gitlab/sv/alertmanager/log/run] group changed to 0
[2023-02-06T15:46:36+00:00] INFO: template[/opt/gitlab/sv/alertmanager/log/run] mode changed to 755
[2023-02-06T15:46:36+00:00] INFO: directory[/opt/gitlab/sv/alertmanager/env] created directory /opt/gitlab/sv/alertmanager/env
[2023-02-06T15:46:36+00:00] INFO: directory[/opt/gitlab/sv/alertmanager/env] owner changed to 0
[2023-02-06T15:46:36+00:00] INFO: directory[/opt/gitlab/sv/alertmanager/env] group changed to 0
[2023-02-06T15:46:36+00:00] INFO: directory[/opt/gitlab/sv/alertmanager/env] mode changed to 755
[2023-02-06T15:46:36+00:00] INFO: directory[/opt/gitlab/sv/alertmanager/control] created directory /opt/gitlab/sv/alertmanager/control
[2023-02-06T15:46:36+00:00] INFO: directory[/opt/gitlab/sv/alertmanager/control] owner changed to 0
[2023-02-06T15:46:36+00:00] INFO: directory[/opt/gitlab/sv/alertmanager/control] group changed to 0
[2023-02-06T15:46:36+00:00] INFO: directory[/opt/gitlab/sv/alertmanager/control] mode changed to 755
[2023-02-06T15:46:36+00:00] INFO: link[/opt/gitlab/init/alertmanager] created
[2023-02-06T15:46:36+00:00] INFO: template[/opt/gitlab/sv/alertmanager/run] sending run action to ruby_block[restart_service] (delayed)
[2023-02-06T15:46:36+00:00] INFO: template[/opt/gitlab/sv/alertmanager/log/config] sending create action to ruby_block[reload_log_service] (delayed)
[2023-02-06T15:46:36+00:00] INFO: link[/opt/gitlab/service/alertmanager] created
[2023-02-06T15:46:39+00:00] INFO: ruby_block[wait for alertmanager service socket] called
[2023-02-06T15:46:41+00:00] INFO: ruby_block[reload_log_service] called
[2023-02-06T15:46:41+00:00] INFO: template[/opt/gitlab/sv/alertmanager/log/run] sending run action to ruby_block[restart_log_service] (delayed)
[2023-02-06T15:46:42+00:00] INFO: ruby_block[restart_log_service] called
[2023-02-06T15:46:42+00:00] INFO: directory[/opt/gitlab/etc/postgres-exporter/env] created directory /opt/gitlab/etc/postgres-exporter/env
[2023-02-06T15:46:42+00:00] INFO: file[/opt/gitlab/etc/postgres-exporter/env/SSL_CERT_DIR] created file /opt/gitlab/etc/postgres-exporter/env/SSL_CERT_DIR
[2023-02-06T15:46:42+00:00] INFO: file[/opt/gitlab/etc/postgres-exporter/env/SSL_CERT_DIR] updated file contents /opt/gitlab/etc/postgres-exporter/env/SSL_CERT_DIR
[2023-02-06T15:46:42+00:00] INFO: file[/opt/gitlab/etc/postgres-exporter/env/DATA_SOURCE_NAME] created file /opt/gitlab/etc/postgres-exporter/env/DATA_SOURCE_NAME
[2023-02-06T15:46:42+00:00] INFO: file[/opt/gitlab/etc/postgres-exporter/env/DATA_SOURCE_NAME] updated file contents /opt/gitlab/etc/postgres-exporter/env/DATA_SOURCE_NAME
[2023-02-06T15:46:42+00:00] INFO: directory[/opt/gitlab/sv/postgres-exporter] created directory /opt/gitlab/sv/postgres-exporter
[2023-02-06T15:46:42+00:00] INFO: directory[/opt/gitlab/sv/postgres-exporter] owner changed to 0
[2023-02-06T15:46:42+00:00] INFO: directory[/opt/gitlab/sv/postgres-exporter] group changed to 0
[2023-02-06T15:46:42+00:00] INFO: directory[/opt/gitlab/sv/postgres-exporter] mode changed to 755
[2023-02-06T15:46:42+00:00] INFO: template[/opt/gitlab/sv/postgres-exporter/run] created file /opt/gitlab/sv/postgres-exporter/run
[2023-02-06T15:46:42+00:00] INFO: template[/opt/gitlab/sv/postgres-exporter/run] updated file contents /opt/gitlab/sv/postgres-exporter/run
[2023-02-06T15:46:42+00:00] INFO: template[/opt/gitlab/sv/postgres-exporter/run] owner changed to 0
[2023-02-06T15:46:42+00:00] INFO: template[/opt/gitlab/sv/postgres-exporter/run] group changed to 0
[2023-02-06T15:46:42+00:00] INFO: template[/opt/gitlab/sv/postgres-exporter/run] mode changed to 755
[2023-02-06T15:46:42+00:00] INFO: directory[/opt/gitlab/sv/postgres-exporter/log] created directory /opt/gitlab/sv/postgres-exporter/log
[2023-02-06T15:46:42+00:00] INFO: directory[/opt/gitlab/sv/postgres-exporter/log] owner changed to 0
[2023-02-06T15:46:42+00:00] INFO: directory[/opt/gitlab/sv/postgres-exporter/log] group changed to 0
[2023-02-06T15:46:42+00:00] INFO: directory[/opt/gitlab/sv/postgres-exporter/log] mode changed to 755
[2023-02-06T15:46:42+00:00] INFO: directory[/opt/gitlab/sv/postgres-exporter/log/main] created directory /opt/gitlab/sv/postgres-exporter/log/main
[2023-02-06T15:46:42+00:00] INFO: directory[/opt/gitlab/sv/postgres-exporter/log/main] owner changed to 0
[2023-02-06T15:46:42+00:00] INFO: directory[/opt/gitlab/sv/postgres-exporter/log/main] group changed to 0
[2023-02-06T15:46:42+00:00] INFO: directory[/opt/gitlab/sv/postgres-exporter/log/main] mode changed to 755
[2023-02-06T15:46:42+00:00] INFO: template[/opt/gitlab/sv/postgres-exporter/log/config] created file /opt/gitlab/sv/postgres-exporter/log/config
[2023-02-06T15:46:42+00:00] INFO: template[/opt/gitlab/sv/postgres-exporter/log/config] updated file contents /opt/gitlab/sv/postgres-exporter/log/config
[2023-02-06T15:46:42+00:00] INFO: template[/opt/gitlab/sv/postgres-exporter/log/config] owner changed to 0
[2023-02-06T15:46:42+00:00] INFO: template[/opt/gitlab/sv/postgres-exporter/log/config] group changed to 0
[2023-02-06T15:46:42+00:00] INFO: template[/opt/gitlab/sv/postgres-exporter/log/config] mode changed to 644
[2023-02-06T15:46:42+00:00] INFO: template[/opt/gitlab/sv/postgres-exporter/log/config] sending create action to ruby_block[verify_chown_persisted_on_postgres-exporter] (immediate)
[2023-02-06T15:46:42+00:00] INFO: ruby_block[verify_chown_persisted_on_postgres-exporter] called
[2023-02-06T15:46:42+00:00] INFO: template[/opt/gitlab/sv/postgres-exporter/log/run] created file /opt/gitlab/sv/postgres-exporter/log/run
[2023-02-06T15:46:42+00:00] INFO: template[/opt/gitlab/sv/postgres-exporter/log/run] updated file contents /opt/gitlab/sv/postgres-exporter/log/run
[2023-02-06T15:46:42+00:00] INFO: template[/opt/gitlab/sv/postgres-exporter/log/run] owner changed to 0
[2023-02-06T15:46:42+00:00] INFO: template[/opt/gitlab/sv/postgres-exporter/log/run] group changed to 0
[2023-02-06T15:46:42+00:00] INFO: template[/opt/gitlab/sv/postgres-exporter/log/run] mode changed to 755
[2023-02-06T15:46:42+00:00] INFO: directory[/opt/gitlab/sv/postgres-exporter/env] created directory /opt/gitlab/sv/postgres-exporter/env
[2023-02-06T15:46:42+00:00] INFO: directory[/opt/gitlab/sv/postgres-exporter/env] owner changed to 0
[2023-02-06T15:46:42+00:00] INFO: directory[/opt/gitlab/sv/postgres-exporter/env] group changed to 0
[2023-02-06T15:46:42+00:00] INFO: directory[/opt/gitlab/sv/postgres-exporter/env] mode changed to 755
[2023-02-06T15:46:42+00:00] INFO: directory[/opt/gitlab/sv/postgres-exporter/control] created directory /opt/gitlab/sv/postgres-exporter/control
[2023-02-06T15:46:42+00:00] INFO: directory[/opt/gitlab/sv/postgres-exporter/control] owner changed to 0
[2023-02-06T15:46:42+00:00] INFO: directory[/opt/gitlab/sv/postgres-exporter/control] group changed to 0
[2023-02-06T15:46:42+00:00] INFO: directory[/opt/gitlab/sv/postgres-exporter/control] mode changed to 755
[2023-02-06T15:46:42+00:00] INFO: link[/opt/gitlab/init/postgres-exporter] created
[2023-02-06T15:46:42+00:00] INFO: template[/opt/gitlab/sv/postgres-exporter/run] sending run action to ruby_block[restart_service] (delayed)
[2023-02-06T15:46:42+00:00] INFO: template[/opt/gitlab/sv/postgres-exporter/log/config] sending create action to ruby_block[reload_log_service] (delayed)
[2023-02-06T15:46:42+00:00] INFO: link[/opt/gitlab/service/postgres-exporter] created
[2023-02-06T15:46:46+00:00] INFO: ruby_block[wait for postgres-exporter service socket] called
[2023-02-06T15:46:48+00:00] INFO: ruby_block[reload_log_service] called
[2023-02-06T15:46:48+00:00] INFO: template[/opt/gitlab/sv/postgres-exporter/log/run] sending run action to ruby_block[restart_log_service] (delayed)
[2023-02-06T15:46:49+00:00] INFO: ruby_block[restart_log_service] called
[2023-02-06T15:46:49+00:00] INFO: version_file[Create version file for Gitaly] sending hup action to runit_service[gitaly] (delayed)
[2023-02-06T15:46:49+00:00] INFO: runit_service[gitaly] signalled (HUP)
[2023-02-06T15:46:49+00:00] INFO: runit_service[gitaly] sent hup
[2023-02-06T15:46:49+00:00] INFO: version_file[Create version file for Gitlab KAS] sending restart action to runit_service[gitlab-kas] (delayed)
[2023-02-06T15:46:59+00:00] INFO: env_dir[/opt/gitlab/etc/gitlab-workhorse/env] sending restart action to runit_service[gitlab-workhorse] (delayed)
[2023-02-06T15:47:00+00:00] INFO: env_dir[/opt/gitlab/etc/gitlab-exporter/env] sending restart action to runit_service[gitlab-exporter] (delayed)
[2023-02-06T15:47:00+00:00] INFO: env_dir[/opt/gitlab/etc/redis-exporter/env] sending restart action to runit_service[redis-exporter] (delayed)
[2023-02-06T15:47:00+00:00] INFO: env_dir[/opt/gitlab/etc/prometheus/env] sending restart action to runit_service[prometheus] (delayed)
[2023-02-06T15:47:01+00:00] INFO: env_dir[/opt/gitlab/etc/alertmanager/env] sending restart action to runit_service[alertmanager] (delayed)
[2023-02-06T15:47:01+00:00] INFO: env_dir[/opt/gitlab/etc/postgres-exporter/env] sending restart action to runit_service[postgres-exporter] (delayed)
[2023-02-06T15:47:02+00:00] INFO: Cinc Client Run complete in 105.328139576 seconds
[2023-02-06T15:47:02+00:00] INFO: Running report handlers
[2023-02-06T15:47:02+00:00] INFO: Report handlers complete
